{"recorder_version":"9","session":"ad928e4a2622","build":"191.6183.63","bucket":"182","time":1557364417364,"group":{"id":"settings","version":"2"},"event":{"state":true,"data":{"created":1557364417365,"invoked":true},"id":"NotRoamableUiSettings"}}
{"recorder_version":"9","session":"ad928e4a2622","build":"191.6183.63","bucket":"182","time":1557364417367,"group":{"id":"system.os","version":"1"},"event":{"state":true,"data":{"created":1557364417375,"version":"10.0"},"id":"Windows"}}
{"recorder_version":"9","session":"ad928e4a2622","build":"191.6183.63","bucket":"182","time":1557364417367,"group":{"id":"system.os","version":"1"},"event":{"state":true,"data":{"created":1557364417384},"id":"invoked"}}
{"recorder_version":"9","session":"ad928e4a2622","build":"191.6183.63","bucket":"182","time":1557364417367,"group":{"id":"system.java","version":"1"},"event":{"state":true,"data":{"created":1557364417385,"version":"1.8"},"id":"JetBrains"}}
{"recorder_version":"9","session":"ad928e4a2622","build":"191.6183.63","bucket":"182","time":1557364417367,"group":{"id":"system.java","version":"1"},"event":{"state":true,"data":{"created":1557364417391},"id":"invoked"}}
{"recorder_version":"9","session":"ad928e4a2622","build":"191.6183.63","bucket":"182","time":1557364417385,"group":{"id":"settings","version":"2"},"event":{"state":true,"data":{"default":false,"created":1557364417393,"name":"overrideLafFonts","value":true},"id":"UISettings"}}
{"recorder_version":"9","session":"ad928e4a2622","build":"191.6183.63","bucket":"182","time":1557364417385,"group":{"id":"settings","version":"2"},"event":{"state":true,"data":{"created":1557364417394,"invoked":true},"id":"UISettings"}}
{"recorder_version":"9","session":"ad928e4a2622","build":"191.6183.63","bucket":"182","time":1557364417979,"group":{"id":"settings","version":"2"},"event":{"state":true,"data":{"created":1557364417979,"invoked":true},"id":"GeneralSettings"}}
{"recorder_version":"9","session":"ad928e4a2622","build":"191.6183.63","bucket":"182","time":1557364419498,"group":{"id":"import.old.config","version":"1"},"event":{"count":1,"data":{"created":1557364419498},"id":"FROM_CUSTOM"}}
{"recorder_version":"9","session":"ad928e4a2622","build":"191.6183.63","bucket":"182","time":1557364420192,"group":{"id":"lifecycle","version":"9"},"event":{"count":1,"data":{"eap":false,"created":1557364420192},"id":"ide.start"}}
{"recorder_version":"9","session":"ad928e4a2622","build":"191.6183.63","bucket":"182","time":1557364420411,"group":{"id":"performance","version":"9"},"event":{"count":1,"data":{"duration_ms":1553,"created":1557364420411},"id":"ui.latency"}}
{"recorder_version":"9","session":"ad928e4a2622","build":"191.6183.63","bucket":"182","time":1557364420411,"group":{"id":"performance","version":"9"},"event":{"count":1,"data":{"duration_ms":1553,"created":1557364420411},"id":"ui.lagging"}}
{"recorder_version":"9","session":"ad928e4a2622","build":"191.6183.63","bucket":"182","time":1557364420411,"group":{"id":"performance","version":"9"},"event":{"count":1,"data":{"duration_ms":531,"created":1557364420411},"id":"ui.lagging"}}
{"recorder_version":"9","session":"ad928e4a2622","build":"191.6183.63","bucket":"182","time":1557364428588,"group":{"id":"actions","version":"9"},"event":{"count":1,"data":{"context_menu":false,"os":"Windows","created":1557364428588,"plugin_type":"PLATFORM","place":"unknown"},"id":"WelcomeScreen.OpenDirectoryProject"}}
{"recorder_version":"9","session":"ad928e4a2622","build":"191.6183.63","bucket":"182","time":1557364428681,"group":{"id":"ui.dialogs","version":"9"},"event":{"count":1,"data":{"created":1557364428681,"plugin_type":"PLATFORM","type":"show"},"id":"com.intellij.openapi.fileChooser.ex.FileChooserDialogImpl"}}
{"recorder_version":"9","session":"ad928e4a2622","build":"191.6183.63","bucket":"182","time":1557364436145,"group":{"id":"ui.dialogs","version":"9"},"event":{"count":1,"data":{"code":0,"created":1557364436145,"plugin_type":"PLATFORM","type":"close"},"id":"com.intellij.openapi.fileChooser.ex.FileChooserDialogImpl"}}
{"recorder_version":"9","session":"ad928e4a2622","build":"191.6183.63","bucket":"182","time":1557364436560,"group":{"id":"ui.dialogs","version":"9"},"event":{"count":1,"data":{"created":1557364436560,"plugin_type":"PLATFORM","type":"show"},"id":"com.intellij.openapi.progress.util.ProgressDialog$MyDialogWrapper"}}
{"recorder_version":"9","session":"ad928e4a2622","build":"191.6183.63","bucket":"182","time":1557364437065,"group":{"id":"lifecycle","version":"9"},"event":{"count":1,"data":{"created":1557364437065,"project":"01a9a999ac32caa796de7c9609a4fcbd0a3cab3b3f7f9bdf2c8a887a4e3ef994"},"id":"project.opened"}}
{"recorder_version":"9","session":"ad928e4a2622","build":"191.6183.63","bucket":"182","time":1557364439269,"group":{"id":"performance","version":"9"},"event":{"count":1,"data":{"duration_ms":277,"created":1557364439269},"id":"ui.lagging"}}
{"recorder_version":"9","session":"ad928e4a2622","build":"191.6183.63","bucket":"182","time":1557364439781,"group":{"id":"toolwindow","version":"9"},"event":{"count":1,"data":{"os":"Windows","created":1557364439781,"plugin_type":"PLATFORM"},"id":"Project"}}
{"recorder_version":"9","session":"ad928e4a2622","build":"191.6183.63","bucket":"182","time":1557364440255,"group":{"id":"performance","version":"9"},"event":{"count":1,"data":{"duration_ms":269,"created":1557364440255},"id":"ui.lagging"}}
{"recorder_version":"9","session":"ad928e4a2622","build":"191.6183.63","bucket":"182","time":1557364440286,"group":{"id":"ui.dialogs","version":"9"},"event":{"count":1,"data":{"code":1,"created":1557364440286,"plugin_type":"PLATFORM","type":"close"},"id":"com.intellij.openapi.progress.util.ProgressDialog$MyDialogWrapper"}}
{"recorder_version":"9","session":"ad928e4a2622","build":"191.6183.63","bucket":"182","time":1557364442030,"group":{"id":"performance","version":"9"},"event":{"count":1,"data":{"duration_ms":1032,"created":1557364442034},"id":"ui.lagging"}}
{"recorder_version":"9","session":"ad928e4a2622","build":"191.6183.63","bucket":"182","time":1557364442077,"group":{"id":"project.fs","version":"1"},"event":{"state":true,"data":{"os":"Windows","cs-project":false,"created":1557364442077,"project":"01a9a999ac32caa796de7c9609a4fcbd0a3cab3b3f7f9bdf2c8a887a4e3ef994","cs-implicit":true,"cs-system":false},"id":"case-sensitivity"}}
{"recorder_version":"9","session":"ad928e4a2622","build":"191.6183.63","bucket":"182","time":1557364442077,"group":{"id":"project.fs","version":"1"},"event":{"state":true,"data":{"created":1557364442080},"id":"invoked"}}
{"recorder_version":"9","session":"ad928e4a2622","build":"191.6183.63","bucket":"182","time":1557364442078,"group":{"id":"project.fs","version":"1"},"event":{"state":true,"data":{"pct-non-watched":0,"created":1557364442080,"project":"01a9a999ac32caa796de7c9609a4fcbd0a3cab3b3f7f9bdf2c8a887a4e3ef994"},"id":"roots-watched"}}
{"recorder_version":"9","session":"ad928e4a2622","build":"191.6183.63","bucket":"182","time":1557364442078,"group":{"id":"project.fs","version":"1"},"event":{"state":true,"data":{"created":1557364442080},"id":"invoked"}}
{"recorder_version":"9","session":"ad928e4a2622","build":"191.6183.63","bucket":"182","time":1557364443090,"group":{"id":"lifecycle","version":"9"},"event":{"count":1,"data":{"created":1557364443090,"time_ms":6884,"project":"01a9a999ac32caa796de7c9609a4fcbd0a3cab3b3f7f9bdf2c8a887a4e3ef994"},"id":"project.opening.finished"}}
{"recorder_version":"9","session":"ad928e4a2622","build":"191.6183.63","bucket":"182","time":1557364450207,"group":{"id":"lifecycle","version":"9"},"event":{"count":1,"data":{"plugin":"unknown","created":1557364450207,"oom":false,"mapping_failed":false},"id":"ide.error"}}
{"recorder_version":"9","session":"ad928e4a2622","build":"191.6183.63","bucket":"182","time":1557364454208,"group":{"id":"performance","version":"9"},"event":{"count":1,"data":{"duration_ms":154,"created":1557364454208},"id":"ui.lagging"}}
{"recorder_version":"9","session":"ad928e4a2622","build":"191.6183.63","bucket":"182","time":1557364456175,"group":{"id":"performance","version":"9"},"event":{"count":1,"data":{"duration_ms":101,"created":1557364456175},"id":"ui.lagging"}}
{"recorder_version":"9","session":"ad928e4a2622","build":"191.6183.63","bucket":"182","time":1557364521018,"group":{"id":"performance","version":"9"},"event":{"count":1,"data":{"duration_ms":0,"created":1557364521018},"id":"ui.latency"}}
{"recorder_version":"9","session":"ad928e4a2622","build":"191.6183.63","bucket":"182","time":1557364575514,"group":{"id":"performance","version":"9"},"event":{"count":1,"data":{"duration_ms":139,"created":1557364575514},"id":"ui.lagging"}}
{"recorder_version":"9","session":"ad928e4a2622","build":"191.6183.63","bucket":"182","time":1557364621673,"group":{"id":"performance","version":"9"},"event":{"count":1,"data":{"duration_ms":0,"created":1557364621673},"id":"ui.latency"}}
{"recorder_version":"9","session":"ad928e4a2622","build":"191.6183.63","bucket":"182","time":1557364626058,"group":{"id":"performance","version":"9"},"event":{"count":1,"data":{"duration_ms":2379,"created":1557364626058},"id":"ui.lagging"}}
{"recorder_version":"9","session":"ad928e4a2622","build":"191.6183.63","bucket":"182","time":1557364626073,"group":{"id":"performance","version":"9"},"event":{"count":1,"data":{"duration_ms":1392,"created":1557364626073},"id":"ui.lagging"}}
{"recorder_version":"9","session":"ad928e4a2622","build":"191.6183.63","bucket":"182","time":1557364626356,"group":{"id":"performance","version":"9"},"event":{"count":1,"data":{"duration_ms":673,"created":1557364626356},"id":"ui.lagging"}}
{"recorder_version":"9","session":"ad928e4a2622","build":"191.6183.63","bucket":"182","time":1557364686324,"group":{"id":"toolwindow","version":"9"},"event":{"count":1,"data":{"os":"Windows","created":1557364686324,"plugin_type":"PLATFORM"},"id":"Project"}}
{"recorder_version":"9","session":"ad928e4a2622","build":"191.6183.63","bucket":"182","time":1557364719498,"group":{"id":"file.types.usage","version":"9"},"event":{"count":1,"data":{"created":1557364719498},"id":"registered"}}
{"recorder_version":"9","session":"ad928e4a2622","build":"191.6183.63","bucket":"182","time":1557364719498,"group":{"id":"actions.runAnything","version":"1"},"event":{"count":1,"data":{"created":1557364719500},"id":"registered"}}
{"recorder_version":"9","session":"ad928e4a2622","build":"191.6183.63","bucket":"182","time":1557364719498,"group":{"id":"toolwindow","version":"9"},"event":{"count":1,"data":{"created":1557364719501},"id":"registered"}}
{"recorder_version":"9","session":"ad928e4a2622","build":"191.6183.63","bucket":"182","time":1557364719498,"group":{"id":"live.templates","version":"9"},"event":{"count":1,"data":{"created":1557364719501},"id":"registered"}}
{"recorder_version":"9","session":"ad928e4a2622","build":"191.6183.63","bucket":"182","time":1557364719498,"group":{"id":"ide.self.update","version":"1"},"event":{"count":1,"data":{"created":1557364719502},"id":"registered"}}
{"recorder_version":"9","session":"ad928e4a2622","build":"191.6183.63","bucket":"182","time":1557364719498,"group":{"id":"lifecycle","version":"9"},"event":{"count":1,"data":{"created":1557364719502},"id":"registered"}}
{"recorder_version":"9","session":"ad928e4a2622","build":"191.6183.63","bucket":"182","time":1557364719498,"group":{"id":"vcs.diff.trigger","version":"1"},"event":{"count":1,"data":{"created":1557364719503},"id":"registered"}}
{"recorder_version":"9","session":"ad928e4a2622","build":"191.6183.63","bucket":"182","time":1557364719498,"group":{"id":"vcs.log.trigger","version":"1"},"event":{"count":1,"data":{"created":1557364719503},"id":"registered"}}
{"recorder_version":"9","session":"ad928e4a2622","build":"191.6183.63","bucket":"182","time":1557364719498,"group":{"id":"productivity","version":"9"},"event":{"count":1,"data":{"created":1557364719503},"id":"registered"}}
{"recorder_version":"9","session":"ad928e4a2622","build":"191.6183.63","bucket":"182","time":1557364719498,"group":{"id":"debugger.breakpoints.usage","version":"1"},"event":{"count":1,"data":{"created":1557364719504},"id":"registered"}}
{"recorder_version":"9","session":"ad928e4a2622","build":"191.6183.63","bucket":"182","time":1557364719498,"group":{"id":"js.language.service.starts","version":"1"},"event":{"count":1,"data":{"created":1557364719504},"id":"registered"}}
{"recorder_version":"9","session":"ad928e4a2622","build":"191.6183.63","bucket":"182","time":1557364719498,"group":{"id":"nodejs.run.configuration","version":"2"},"event":{"count":1,"data":{"created":1557364719505},"id":"registered"}}
{"recorder_version":"9","session":"ad928e4a2622","build":"191.6183.63","bucket":"182","time":1557364719498,"group":{"id":"deployment.serverSettingsUI","version":"2"},"event":{"count":1,"data":{"created":1557364719505},"id":"registered"}}
{"recorder_version":"9","session":"ad928e4a2622","build":"191.6183.63","bucket":"182","time":1557364719498,"group":{"id":"intentions","version":"9"},"event":{"count":1,"data":{"created":1557364719506},"id":"registered"}}
{"recorder_version":"9","session":"ad928e4a2622","build":"191.6183.63","bucket":"182","time":1557364719498,"group":{"id":"ui.dialogs","version":"9"},"event":{"count":1,"data":{"created":1557364719506},"id":"registered"}}
{"recorder_version":"9","session":"ad928e4a2622","build":"191.6183.63","bucket":"182","time":1557364719498,"group":{"id":"vcs.back.forward.trigger","version":"1"},"event":{"count":1,"data":{"created":1557364719506},"id":"registered"}}
{"recorder_version":"9","session":"ad928e4a2622","build":"191.6183.63","bucket":"182","time":1557364719498,"group":{"id":"toolbar","version":"9"},"event":{"count":1,"data":{"created":1557364719507},"id":"registered"}}
{"recorder_version":"9","session":"ad928e4a2622","build":"191.6183.63","bucket":"182","time":1557364719498,"group":{"id":"performance","version":"9"},"event":{"count":1,"data":{"created":1557364719507},"id":"registered"}}
{"recorder_version":"9","session":"ad928e4a2622","build":"191.6183.63","bucket":"182","time":1557364719498,"group":{"id":"diagram.usages.trigger","version":"1"},"event":{"count":1,"data":{"created":1557364719507},"id":"registered"}}
{"recorder_version":"9","session":"ad928e4a2622","build":"191.6183.63","bucket":"182","time":1557364719498,"group":{"id":"searchEverywhere","version":"1"},"event":{"count":1,"data":{"created":1557364719508},"id":"registered"}}
{"recorder_version":"9","session":"ad928e4a2622","build":"191.6183.63","bucket":"182","time":1557364719498,"group":{"id":"ui.tips","version":"1"},"event":{"count":1,"data":{"created":1557364719508},"id":"registered"}}
{"recorder_version":"9","session":"ad928e4a2622","build":"191.6183.63","bucket":"182","time":1557364719498,"group":{"id":"import.old.config","version":"1"},"event":{"count":1,"data":{"created":1557364719508},"id":"registered"}}
{"recorder_version":"9","session":"ad928e4a2622","build":"191.6183.63","bucket":"182","time":1557364719498,"group":{"id":"json.schema","version":"1"},"event":{"count":1,"data":{"created":1557364719509},"id":"registered"}}
{"recorder_version":"9","session":"ad928e4a2622","build":"191.6183.63","bucket":"182","time":1557364719498,"group":{"id":"terminalShell","version":"1"},"event":{"count":1,"data":{"created":1557364719509},"id":"registered"}}
{"recorder_version":"9","session":"ad928e4a2622","build":"191.6183.63","bucket":"182","time":1557364719498,"group":{"id":"completion.postfix","version":"9"},"event":{"count":1,"data":{"created":1557364719509},"id":"registered"}}
{"recorder_version":"9","session":"ad928e4a2622","build":"191.6183.63","bucket":"182","time":1557364719498,"group":{"id":"actions","version":"9"},"event":{"count":1,"data":{"created":1557364719510},"id":"registered"}}
{"recorder_version":"9","session":"ad928e4a2622","build":"191.6183.63","bucket":"182","time":1557364719498,"group":{"id":"run.configuration.exec","version":"9"},"event":{"count":1,"data":{"created":1557364719510},"id":"registered"}}
{"recorder_version":"9","session":"ad928e4a2622","build":"191.6183.63","bucket":"182","time":1557364722112,"group":{"id":"performance","version":"9"},"event":{"count":1,"data":{"duration_ms":0,"created":1557364722112},"id":"ui.latency"}}
{"recorder_version":"9","session":"ad928e4a2622","build":"191.6183.63","bucket":"182","time":1557364724027,"group":{"id":"file.types.usage","version":"9"},"event":{"count":1,"data":{"plugin":"JavaScript","created":1557364724027,"plugin_type":"JB_BUNDLED","project":"01a9a999ac32caa796de7c9609a4fcbd0a3cab3b3f7f9bdf2c8a887a4e3ef994","type":"open"},"id":"JavaScript"}}
{"recorder_version":"9","session":"ad928e4a2622","build":"191.6183.63","bucket":"182","time":1557364741634,"group":{"id":"actions","version":"9"},"event":{"count":1,"data":{"context_menu":false,"os":"Windows","created":1557364741634,"plugin_type":"PLATFORM","project":"01a9a999ac32caa796de7c9609a4fcbd0a3cab3b3f7f9bdf2c8a887a4e3ef994","place":"MainMenu"},"id":"GotoDeclaration"}}
{"recorder_version":"9","session":"ad928e4a2622","build":"191.6183.63","bucket":"182","time":1557364741639,"group":{"id":"productivity","version":"9"},"event":{"count":1,"data":{"created":1557364741639},"id":"navigation.goto.declaration"}}
{"recorder_version":"9","session":"ad928e4a2622","build":"191.6183.63","bucket":"182","time":1557364741731,"group":{"id":"file.types.usage","version":"9"},"event":{"count":1,"data":{"plugin":"JavaScript","created":1557364741750,"plugin_type":"JB_BUNDLED","project":"01a9a999ac32caa796de7c9609a4fcbd0a3cab3b3f7f9bdf2c8a887a4e3ef994","type":"open"},"id":"JavaScript"}}
{"recorder_version":"9","session":"ad928e4a2622","build":"191.6183.63","bucket":"182","time":1557364745504,"group":{"id":"toolwindow","version":"9"},"event":{"count":1,"data":{"os":"Windows","created":1557364745504,"plugin_type":"PLATFORM"},"id":"Project"}}
{"recorder_version":"9","session":"ad928e4a2622","build":"191.6183.63","bucket":"182","time":1557364750220,"group":{"id":"file.types.usage","version":"9"},"event":{"count":1,"data":{"plugin":"JavaScript","created":1557364750220,"plugin_type":"JB_BUNDLED","project":"01a9a999ac32caa796de7c9609a4fcbd0a3cab3b3f7f9bdf2c8a887a4e3ef994","type":"open"},"id":"JavaScript"}}
{"recorder_version":"9","session":"ad928e4a2622","build":"191.6183.63","bucket":"182","time":1557364764506,"group":{"id":"actions","version":"9"},"event":{"count":1,"data":{"context_menu":false,"os":"Windows","created":1557364764506,"plugin_type":"PLATFORM","project":"01a9a999ac32caa796de7c9609a4fcbd0a3cab3b3f7f9bdf2c8a887a4e3ef994","place":"MainMenu"},"id":"GotoDeclaration"}}
{"recorder_version":"9","session":"ad928e4a2622","build":"191.6183.63","bucket":"182","time":1557364764510,"group":{"id":"productivity","version":"9"},"event":{"count":1,"data":{"created":1557364764510},"id":"navigation.goto.declaration"}}
{"recorder_version":"9","session":"ad928e4a2622","build":"191.6183.63","bucket":"182","time":1557364765956,"group":{"id":"actions","version":"9"},"event":{"count":1,"data":{"context_menu":false,"os":"Windows","created":1557364765956,"plugin_type":"PLATFORM","project":"01a9a999ac32caa796de7c9609a4fcbd0a3cab3b3f7f9bdf2c8a887a4e3ef994","place":"MainMenu"},"id":"GotoDeclaration"}}
{"recorder_version":"9","session":"ad928e4a2622","build":"191.6183.63","bucket":"182","time":1557364765972,"group":{"id":"productivity","version":"9"},"event":{"count":1,"data":{"created":1557364765972},"id":"navigation.goto.declaration"}}
{"recorder_version":"9","session":"ad928e4a2622","build":"191.6183.63","bucket":"182","time":1557364767012,"group":{"id":"actions","version":"9"},"event":{"count":1,"data":{"context_menu":false,"os":"Windows","created":1557364767012,"plugin_type":"PLATFORM","project":"01a9a999ac32caa796de7c9609a4fcbd0a3cab3b3f7f9bdf2c8a887a4e3ef994","place":"MainMenu"},"id":"GotoDeclaration"}}
{"recorder_version":"9","session":"ad928e4a2622","build":"191.6183.63","bucket":"182","time":1557364767028,"group":{"id":"productivity","version":"9"},"event":{"count":1,"data":{"created":1557364767028},"id":"navigation.goto.declaration"}}
{"recorder_version":"9","session":"ad928e4a2622","build":"191.6183.63","bucket":"182","time":1557364767180,"group":{"id":"file.types.usage","version":"9"},"event":{"count":1,"data":{"plugin":"JavaScript","created":1557364767180,"plugin_type":"JB_BUNDLED","project":"01a9a999ac32caa796de7c9609a4fcbd0a3cab3b3f7f9bdf2c8a887a4e3ef994","type":"open"},"id":"JavaScript"}}
{"recorder_version":"9","session":"ad928e4a2622","build":"191.6183.63","bucket":"182","time":1557364797855,"group":{"id":"actions","version":"9"},"event":{"count":1,"data":{"context_menu":false,"os":"Windows","created":1557364797855,"plugin_type":"PLATFORM","project":"01a9a999ac32caa796de7c9609a4fcbd0a3cab3b3f7f9bdf2c8a887a4e3ef994","place":"MainMenu"},"id":"GotoDeclaration"}}
{"recorder_version":"9","session":"ad928e4a2622","build":"191.6183.63","bucket":"182","time":1557364797855,"group":{"id":"productivity","version":"9"},"event":{"count":1,"data":{"created":1557364797855},"id":"navigation.goto.declaration"}}
{"recorder_version":"9","session":"ad928e4a2622","build":"191.6183.63","bucket":"182","time":1557364797949,"group":{"id":"file.types.usage","version":"9"},"event":{"count":1,"data":{"plugin":"JavaScript","created":1557364797949,"plugin_type":"JB_BUNDLED","project":"01a9a999ac32caa796de7c9609a4fcbd0a3cab3b3f7f9bdf2c8a887a4e3ef994","type":"open"},"id":"JavaScript"}}
{"recorder_version":"9","session":"ad928e4a2622","build":"191.6183.63","bucket":"182","time":1557364819576,"group":{"id":"productivity","version":"9"},"event":{"count":1,"data":{"created":1557364819576},"id":"editing.select.word"}}
{"recorder_version":"9","session":"ad928e4a2622","build":"191.6183.63","bucket":"182","time":1557364822575,"group":{"id":"performance","version":"9"},"event":{"count":1,"data":{"duration_ms":0,"created":1557364822575},"id":"ui.latency"}}
{"recorder_version":"9","session":"ad928e4a2622","build":"191.6183.63","bucket":"182","time":1557364823841,"group":{"id":"performance","version":"9"},"event":{"count":1,"data":{"duration_ms":264,"created":1557364823841},"id":"ui.lagging"}}
{"recorder_version":"9","session":"ad928e4a2622","build":"191.6183.63","bucket":"182","time":1557364824709,"group":{"id":"actions","version":"9"},"event":{"count":1,"data":{"context_menu":true,"os":"Windows","created":1557364824709,"plugin_type":"PLATFORM","project":"01a9a999ac32caa796de7c9609a4fcbd0a3cab3b3f7f9bdf2c8a887a4e3ef994","place":"EditorTabPopup"},"id":"CloseAllEditors"}}
{"recorder_version":"9","session":"ad928e4a2622","build":"191.6183.63","bucket":"182","time":1557364824767,"group":{"id":"toolwindow","version":"9"},"event":{"count":2,"data":{"os":"Windows","last":1557364824768,"created":1557364824767,"plugin_type":"PLATFORM"},"id":"Project"}}
{"recorder_version":"9","session":"ad928e4a2622","build":"191.6183.63","bucket":"182","time":1557364828482,"group":{"id":"file.types.usage","version":"9"},"event":{"count":1,"data":{"plugin":"JavaScript","created":1557364828482,"plugin_type":"JB_BUNDLED","project":"01a9a999ac32caa796de7c9609a4fcbd0a3cab3b3f7f9bdf2c8a887a4e3ef994","type":"open"},"id":"JavaScript"}}
{"recorder_version":"9","session":"ad928e4a2622","build":"191.6183.63","bucket":"182","time":1557364884148,"group":{"id":"actions","version":"9"},"event":{"count":1,"data":{"context_menu":false,"os":"Windows","created":1557364884148,"plugin_type":"PLATFORM","project":"01a9a999ac32caa796de7c9609a4fcbd0a3cab3b3f7f9bdf2c8a887a4e3ef994","place":"MainMenu"},"id":"GotoDeclaration"}}
{"recorder_version":"9","session":"ad928e4a2622","build":"191.6183.63","bucket":"182","time":1557364884151,"group":{"id":"productivity","version":"9"},"event":{"count":1,"data":{"created":1557364884151},"id":"navigation.goto.declaration"}}
{"recorder_version":"9","session":"ad928e4a2622","build":"191.6183.63","bucket":"182","time":1557364884246,"group":{"id":"file.types.usage","version":"9"},"event":{"count":1,"data":{"plugin":"JavaScript","created":1557364884246,"plugin_type":"JB_BUNDLED","project":"01a9a999ac32caa796de7c9609a4fcbd0a3cab3b3f7f9bdf2c8a887a4e3ef994","type":"open"},"id":"JavaScript"}}
{"recorder_version":"9","session":"ad928e4a2622","build":"191.6183.63","bucket":"182","time":1557364892799,"group":{"id":"actions","version":"9"},"event":{"count":1,"data":{"context_menu":false,"os":"Windows","created":1557364892799,"plugin_type":"PLATFORM","project":"01a9a999ac32caa796de7c9609a4fcbd0a3cab3b3f7f9bdf2c8a887a4e3ef994","place":"MainMenu"},"id":"GotoDeclaration"}}
{"recorder_version":"9","session":"ad928e4a2622","build":"191.6183.63","bucket":"182","time":1557364892800,"group":{"id":"productivity","version":"9"},"event":{"count":1,"data":{"created":1557364892800},"id":"navigation.goto.declaration"}}
{"recorder_version":"9","session":"ad928e4a2622","build":"191.6183.63","bucket":"182","time":1557364898028,"group":{"id":"productivity","version":"9"},"event":{"count":1,"data":{"created":1557364898028},"id":"editing.select.word"}}
{"recorder_version":"9","session":"ad928e4a2622","build":"191.6183.63","bucket":"182","time":1557364905807,"group":{"id":"actions","version":"9"},"event":{"count":1,"data":{"context_menu":false,"os":"Windows","created":1557364905807,"plugin_type":"PLATFORM","project":"01a9a999ac32caa796de7c9609a4fcbd0a3cab3b3f7f9bdf2c8a887a4e3ef994","place":"MainMenu"},"id":"GotoDeclaration"}}
{"recorder_version":"9","session":"ad928e4a2622","build":"191.6183.63","bucket":"182","time":1557364905809,"group":{"id":"productivity","version":"9"},"event":{"count":1,"data":{"created":1557364905809},"id":"navigation.goto.declaration"}}
{"recorder_version":"9","session":"ad928e4a2622","build":"191.6183.63","bucket":"182","time":1557364922758,"group":{"id":"performance","version":"9"},"event":{"count":1,"data":{"duration_ms":0,"created":1557364922758},"id":"ui.latency"}}
{"recorder_version":"9","session":"ad928e4a2622","build":"191.6183.63","bucket":"182","time":1557364953380,"group":{"id":"actions","version":"9"},"event":{"count":1,"data":{"context_menu":false,"os":"Windows","created":1557364953381,"plugin_type":"PLATFORM","project":"01a9a999ac32caa796de7c9609a4fcbd0a3cab3b3f7f9bdf2c8a887a4e3ef994","place":"MainMenu"},"id":"GotoDeclaration"}}
{"recorder_version":"9","session":"ad928e4a2622","build":"191.6183.63","bucket":"182","time":1557364953383,"group":{"id":"productivity","version":"9"},"event":{"count":1,"data":{"created":1557364953385},"id":"navigation.goto.declaration"}}
{"recorder_version":"9","session":"ad928e4a2622","build":"191.6183.63","bucket":"182","time":1557364955574,"group":{"id":"actions","version":"9"},"event":{"count":1,"data":{"context_menu":false,"os":"Windows","created":1557364955574,"plugin_type":"PLATFORM","project":"01a9a999ac32caa796de7c9609a4fcbd0a3cab3b3f7f9bdf2c8a887a4e3ef994","place":"MainMenu","input_event":"Ctrl+S"},"id":"SaveAll"}}
{"recorder_version":"9","session":"ad928e4a2622","build":"191.6183.63","bucket":"182","time":1557364955991,"group":{"id":"performance","version":"9"},"event":{"count":1,"data":{"duration_ms":175,"created":1557364955991},"id":"ui.lagging"}}
{"recorder_version":"9","session":"ad928e4a2622","build":"191.6183.63","bucket":"182","time":1557364977118,"group":{"id":"actions","version":"9"},"event":{"count":1,"data":{"context_menu":false,"os":"Windows","created":1557364977118,"plugin_type":"PLATFORM","project":"01a9a999ac32caa796de7c9609a4fcbd0a3cab3b3f7f9bdf2c8a887a4e3ef994","place":"MainMenu"},"id":"GotoDeclaration"}}
{"recorder_version":"9","session":"ad928e4a2622","build":"191.6183.63","bucket":"182","time":1557364977121,"group":{"id":"productivity","version":"9"},"event":{"count":1,"data":{"created":1557364977121},"id":"navigation.goto.declaration"}}
{"recorder_version":"9","session":"ad928e4a2622","build":"191.6183.63","bucket":"182","time":1557365022944,"group":{"id":"performance","version":"9"},"event":{"count":1,"data":{"duration_ms":4,"created":1557365022944},"id":"ui.latency"}}
{"recorder_version":"9","session":"ad928e4a2622","build":"191.6183.63","bucket":"182","time":1557365023802,"group":{"id":"toolwindow","version":"9"},"event":{"count":1,"data":{"os":"Windows","created":1557365023802,"plugin_type":"PLATFORM"},"id":"Project"}}
{"recorder_version":"9","session":"ad928e4a2622","build":"191.6183.63","bucket":"182","time":1557365029881,"group":{"id":"file.types.usage","version":"9"},"event":{"count":1,"data":{"created":1557365029881,"plugin_type":"PLATFORM","project":"01a9a999ac32caa796de7c9609a4fcbd0a3cab3b3f7f9bdf2c8a887a4e3ef994","type":"open"},"id":"PLAIN_TEXT"}}
{"recorder_version":"9","session":"ad928e4a2622","build":"191.6183.63","bucket":"182","time":1557365031817,"group":{"id":"toolwindow","version":"9"},"event":{"count":1,"data":{"os":"Windows","created":1557365031817,"plugin_type":"PLATFORM"},"id":"Project"}}
{"recorder_version":"9","session":"ad928e4a2622","build":"191.6183.63","bucket":"182","time":1557365044340,"group":{"id":"actions","version":"9"},"event":{"count":1,"data":{"context_menu":false,"os":"Windows","created":1557365044340,"plugin_type":"PLATFORM","project":"01a9a999ac32caa796de7c9609a4fcbd0a3cab3b3f7f9bdf2c8a887a4e3ef994","place":"NavBarToolbar"},"id":"Vcs.UpdateProject"}}
{"recorder_version":"9","session":"ad928e4a2622","build":"191.6183.63","bucket":"182","time":1557365044372,"group":{"id":"ui.dialogs","version":"9"},"event":{"count":1,"data":{"created":1557365044372,"plugin_type":"PLATFORM","type":"show"},"id":"com.intellij.openapi.vcs.update.ActionInfo$1$1"}}
{"recorder_version":"9","session":"ad928e4a2622","build":"191.6183.63","bucket":"182","time":1557365045797,"group":{"id":"ui.dialogs","version":"9"},"event":{"count":1,"data":{"code":0,"created":1557365045797,"plugin_type":"PLATFORM","type":"close"},"id":"com.intellij.openapi.vcs.update.ActionInfo$1$1"}}
{"recorder_version":"9","session":"ad928e4a2622","build":"191.6183.63","bucket":"182","time":1557365045844,"group":{"id":"toolbar","version":"9"},"event":{"count":1,"data":{"os":"Windows","created":1557365045844,"plugin_type":"PLATFORM","place":"NavBarToolbar"},"id":"Vcs.UpdateProject"}}
{"recorder_version":"9","session":"ad928e4a2622","build":"191.6183.63","bucket":"182","time":1557365057161,"group":{"id":"performance","version":"9"},"event":{"count":1,"data":{"duration_ms":156,"created":1557365057161},"id":"ui.lagging"}}
{"recorder_version":"9","session":"ad928e4a2622","build":"191.6183.63","bucket":"182","time":1557365060302,"group":{"id":"ui.dialogs","version":"9"},"event":{"count":1,"data":{"created":1557365060302,"plugin_type":"PLATFORM","type":"show"},"id":"com.intellij.openapi.ui.messages.MessageDialog"}}
{"recorder_version":"9","session":"ad928e4a2622","build":"191.6183.63","bucket":"182","time":1557365064536,"group":{"id":"ui.dialogs","version":"9"},"event":{"count":1,"data":{"code":2,"created":1557365064536,"plugin_type":"PLATFORM","type":"close"},"id":"com.intellij.openapi.ui.messages.MessageDialog"}}
{"recorder_version":"9","session":"ad928e4a2622","build":"191.6183.63","bucket":"182","time":1557365065754,"group":{"id":"actions","version":"9"},"event":{"count":1,"data":{"context_menu":false,"os":"Windows","created":1557365065755,"plugin_type":"PLATFORM","project":"01a9a999ac32caa796de7c9609a4fcbd0a3cab3b3f7f9bdf2c8a887a4e3ef994","place":"NavBarToolbar"},"id":"CheckinProject"}}
{"recorder_version":"9","session":"ad928e4a2622","build":"191.6183.63","bucket":"182","time":1557365066137,"group":{"id":"ui.dialogs","version":"9"},"event":{"count":1,"data":{"created":1557365066138,"plugin_type":"PLATFORM","type":"show"},"id":"com.intellij.openapi.ui.messages.MessageDialog"}}
{"recorder_version":"9","session":"ad928e4a2622","build":"191.6183.63","bucket":"182","time":1557365067778,"group":{"id":"toolbar","version":"9"},"event":{"count":1,"data":{"os":"Windows","created":1557365067778,"plugin_type":"PLATFORM","place":"NavBarToolbar"},"id":"CheckinProject"}}
{"recorder_version":"9","session":"ad928e4a2622","build":"191.6183.63","bucket":"182","time":1557365068153,"group":{"id":"ui.dialogs","version":"9"},"event":{"count":1,"data":{"created":1557365068153,"plugin_type":"PLATFORM","type":"show"},"id":"com.intellij.openapi.ui.messages.MessageDialog"}}
{"recorder_version":"9","session":"ad928e4a2622","build":"191.6183.63","bucket":"182","time":1557365069168,"group":{"id":"lifecycle","version":"9"},"event":{"count":1,"data":{"restart":false,"created":1557365069168},"id":"ide.close"}}
{"recorder_version":"9","session":"ad928e4a2622","build":"191.6183.63","bucket":"182","time":1557365069371,"group":{"id":"lifecycle","version":"9"},"event":{"count":1,"data":{"created":1557365069371,"project":"01a9a999ac32caa796de7c9609a4fcbd0a3cab3b3f7f9bdf2c8a887a4e3ef994"},"id":"project.closed"}}
