2019-05-09 09:12:56,084 [      0]   INFO -        #com.intellij.idea.Main - ------------------------------------------------------ IDE STARTED ------------------------------------------------------ 
2019-05-09 09:12:56,121 [     37]   INFO -        #com.intellij.idea.Main - IDE: WebStorm (build #WS-191.6183.63, 21 Mar 2019 16:42) 
2019-05-09 09:12:56,121 [     37]   INFO -        #com.intellij.idea.Main - OS: Windows 10 (10.0, amd64) 
2019-05-09 09:12:56,121 [     37]   INFO -        #com.intellij.idea.Main - JRE: 1.8.0_202-release-1483-b39 (JetBrains s.r.o) 
2019-05-09 09:12:56,121 [     37]   INFO -        #com.intellij.idea.Main - JVM: 25.202-b39 (OpenJDK 64-Bit Server VM) 
2019-05-09 09:12:56,123 [     39]   INFO -        #com.intellij.idea.Main - JVM Args: -Xms128m -Xmx750m -XX:ReservedCodeCacheSize=240m -XX:+UseConcMarkSweepGC -XX:SoftRefLRUPolicyMSPerMB=50 -ea -Dsun.io.useCanonCaches=false -Djava.net.preferIPv4Stack=true -Djdk.http.auth.tunneling.disabledSchemes="" -XX:+HeapDumpOnOutOfMemoryError -XX:-OmitStackTraceInFastThrow -Djb.vmOptionsFile=E:\devt\WebStorm 2019.1\bin\webstorm64.exe.vmoptions -Didea.platform.prefix=WebStorm -Dide.native.launcher=true -Didea.paths.selector=WebStorm2019.1 -XX:ErrorFile=C:\Users\Jyn\java_error_in_webstorm_%p.log -XX:HeapDumpPath=C:\Users\Jyn\java_error_in_webstorm.hprof 
2019-05-09 09:12:56,123 [     39]   INFO -        #com.intellij.idea.Main - ext: E:\devt\WebStorm 2019.1\jre64\lib\ext: [access-bridge-64.jar, cldrdata.jar, dnsns.jar, jaccess.jar, jfxrt.jar, localedata.jar, meta-index, nashorn.jar, sunec.jar, sunjce_provider.jar, sunmscapi.jar, sunpkcs11.jar, zipfs.jar] 
2019-05-09 09:12:56,124 [     40]   INFO -        #com.intellij.idea.Main - charsets: JNU=GBK file=GBK 
2019-05-09 09:12:56,159 [     75]   INFO -        #com.intellij.idea.Main - JNA library (64-bit) loaded in 35 ms 
2019-05-09 09:12:56,161 [     77]   INFO - penapi.util.io.win32.IdeaWin32 - Native filesystem for Windows is operational 
2019-05-09 09:12:56,413 [    329]   INFO -     #com.intellij.util.ui.JBUI - User scale factor: 1.0 
2019-05-09 09:12:56,555 [    471]   INFO -     #com.intellij.util.ui.JBUI - System scale factor: 1.0 (JRE-managed HiDPI) 
2019-05-09 09:13:18,297 [  22213]   INFO - llij.ide.plugins.PluginManager - Cannot find optional descriptor java-specific.xml 
2019-05-09 09:13:18,358 [  22274]   INFO - llij.ide.plugins.PluginManager - Cannot find optional descriptor javaee-specific.xml 
2019-05-09 09:13:18,368 [  22284]   INFO - llij.ide.plugins.PluginManager - Cannot find optional descriptor js-nashorn-support.xml 
2019-05-09 09:13:18,417 [  22333]   INFO - llij.ide.plugins.PluginManager - Cannot find optional descriptor uml-properties-support.xml 
2019-05-09 09:13:18,417 [  22333]   INFO - llij.ide.plugins.PluginManager - Cannot find optional descriptor uml-java-support.xml 
2019-05-09 09:13:18,539 [  22455]   INFO - llij.ide.plugins.PluginManager - load plugin descriptors took 425 ms 
2019-05-09 09:13:35,843 [  39759]   INFO - .intellij.idea.IdeaApplication - CPU cores: 4; ForkJoinPool.commonPool: java.util.concurrent.ForkJoinPool@2a92e3e5[Running, parallelism = 3, size = 0, active = 0, running = 0, steals = 0, tasks = 0, submissions = 0]; factory: com.intellij.concurrency.IdeaForkJoinWorkerThreadFactory@30e5fdec 
2019-05-09 09:13:36,070 [  39986]   INFO - llij.ide.plugins.PluginManager - Cannot find optional descriptor java-specific.xml 
2019-05-09 09:13:36,073 [  39989]   INFO - llij.ide.plugins.PluginManager - Cannot find optional descriptor javaee-specific.xml 
2019-05-09 09:13:36,142 [  40058]   INFO - llij.ide.plugins.PluginManager - Cannot find optional descriptor js-nashorn-support.xml 
2019-05-09 09:13:36,179 [  40095]   INFO - llij.ide.plugins.PluginManager - Cannot find optional descriptor uml-properties-support.xml 
2019-05-09 09:13:36,179 [  40095]   INFO - llij.ide.plugins.PluginManager - Cannot find optional descriptor uml-java-support.xml 
2019-05-09 09:13:36,277 [  40193]   INFO - llij.ide.plugins.PluginManager - load plugin descriptors took 260 ms 
2019-05-09 09:13:36,291 [  40207]   INFO - llij.ide.plugins.PluginManager - Plugin 'IntelliJ Configuration Script' can't be loaded because: Plugin does not include any module dependency tags in its plugin.xml therefore is assumed legacy and can be loaded only in IntelliJ IDEA 
2019-05-09 09:13:36,301 [  40217]   WARN - llij.ide.plugins.PluginManager - Vue.js not loaded: since build 191.6707 > WS-191.6183.63 
2019-05-09 09:13:36,301 [  40217]   INFO - llij.ide.plugins.PluginManager - Plugin 'Vue.js' can't be loaded because: Plugin since-build(191.6707) or until-build(191.*) don't match this product's build number(WS-191.6183.63). 
2019-05-09 09:13:36,416 [  40332]   INFO - llij.ide.plugins.PluginManager - 62 plugins initialized in 399 ms 
2019-05-09 09:13:36,417 [  40333]   INFO - llij.ide.plugins.PluginManager - Loaded bundled plugins: ASP (191.6183.63), AngularJS (191.6183.63), CSS Support (191.6183.63), CoffeeScript (191.6183.63), Copyright (191.6183.63), Cucumber.js (191.6183.63), Dart (191.6183.63), Docker integration (191.6183.63), EJS (191.6183.63), EditorConfig (191.6183.63), File Watchers (191.6183.63), Gherkin (191.6183.63), Git Integration (191.6183.63), GitHub (191.6183.63), HTML Tools (191.6183.63), HTTP Client (191.6183.63), Haml (191.6183.63), Handlebars/Mustache (191.6183.63), IDE Settings Sync (191.6183.63), IDEA CORE (191.6183.63), IntelliLang (191.6183.63), Java Server Pages (JSP) Integration (191.6183.63), JavaScript Debugger (191.6183.63), JavaScript Intention Power Pack (191.6183.63), JavaScript Support (191.6183.63), Karma (191.6183.63), Less support (191.6183.63), LiveEdit (191.6183.63), Markdown support (191.6183.63), Mercurial Integration (191.6183.63), Meteor (191.6183.63), Node.js Remote Interpreter (191.6183.63), NodeJS (191.6183.63), Performance Testing (191.6183.63), PhoneGap/Cordova Plugin (191.6183.63), Polymer & Web Components (191.6183.63), Prettier (191.6183.63), Pug (ex-Jade) (191.6183.63), Refactor-X (191.6183.63), Remote Hosts Access (191.6183.63), SSH Remote Run (191.6183.63), Sass support (191.6183.63), Settings Repository (191.6183.63), Spy-js (191.6183.63), Stylus support (191.6183.63), Subversion (191.6183.63), Task Management (191.6183.63), Terminal (191.6183.63), TextMate bundles support (191.6183.63), Time Tracking (191.6183.63), UML Support (191.6183.63), Vagrant (191.6183.63), W3C Validators (191.6183.63), XPathView + XSLT Support (191.6183.63), YAML (191.6183.63), Yeoman (191.6183.63), tslint (191.6183.63) 
2019-05-09 09:13:36,417 [  40333]   INFO - llij.ide.plugins.PluginManager - Loaded custom plugins: BashSupport (1.7.7), nginx Support (0.1.6) 
2019-05-09 09:13:36,417 [  40333]   INFO - llij.ide.plugins.PluginManager - Disabled plugins: IntelliJ Configuration Script (191.6183.63), Lombok (0.25-2019.1), Vue.js (191.6707.61) 
2019-05-09 09:13:36,781 [  40697]   INFO - cloudConfig.CloudConfigManager - === Exit: JBA_NOT_FOUND === 
2019-05-09 09:13:36,882 [  40798]   INFO - pi.util.registry.RegistryState - Registry values changed by user: 
2019-05-09 09:13:36,882 [  40798]   INFO - pi.util.registry.RegistryState -   git.explicit.commit.renames.prohibit.multiple.calls = false 
2019-05-09 09:13:36,892 [  40808]   INFO - pi.util.registry.RegistryState - Experimental features enabled for user: inline.browse.button, linux.native.menu, recent.and.edited.files.together 
2019-05-09 09:13:36,922 [  40838]   INFO - ellij.vfs.persistent.FSRecords - Marking VFS as corrupted: 'C:\Users\Jyn\.WebStorm2019.1\system\caches\names.dat' does not exist 
2019-05-09 09:13:36,924 [  40840]   INFO - ellij.util.io.PagedFileStorage - lower=100; upper=500; buffer=10; max=705 
2019-05-09 09:13:36,963 [  40879]   INFO - pl.local.NativeFileWatcherImpl - Starting file watcher: E:\devt\WebStorm 2019.1\bin\fsnotifier64.exe 
2019-05-09 09:13:37,073 [  40989]   INFO - pl.local.NativeFileWatcherImpl - Native file watcher is operational. 
2019-05-09 09:13:37,569 [  41485]   INFO - .history.utils.LocalHistoryLog - local history version mismatch (was: 0, expected: 6), rebuilding... 
2019-05-09 09:13:37,569 [  41485]   INFO - .history.utils.LocalHistoryLog - FS has been rebuild, rebuilding local history... 
2019-05-09 09:13:37,892 [  41808]   INFO - til.net.ssl.CertificateManager - Default SSL context initialized 
2019-05-09 09:13:37,916 [  41832]   WARN - com.intellij.util.xmlb.Binding - no accessors for interface com.intellij.openapi.extensions.PluginDescriptor 
2019-05-09 09:13:37,967 [  41883]   INFO - rains.ide.BuiltInServerManager - built-in server started, port 63342 
2019-05-09 09:13:37,995 [  41911]   INFO - gs.impl.UpdateCheckerComponent - channel: release 
2019-05-09 09:13:38,571 [  42487]   INFO - il.indexing.FileBasedIndexImpl - Index exts enumerated:490, number of extensions:40 
2019-05-09 09:13:38,577 [  42493]   INFO - il.indexing.FileBasedIndexImpl - Index scheduled:6 
2019-05-09 09:13:38,624 [  42540]   INFO - il.indexing.FileBasedIndexImpl - Index FilenameIndex will be built. 
2019-05-09 09:13:38,703 [  42619]   INFO - il.indexing.FileBasedIndexImpl - Index filetypes will be built. 
2019-05-09 09:13:38,778 [  42694]   INFO - il.indexing.FileBasedIndexImpl - Index FrameworkDetectionIndex will be built. 
2019-05-09 09:13:38,877 [  42793]   INFO - il.indexing.FileBasedIndexImpl - Index TodoIndex will be built. 
2019-05-09 09:13:38,980 [  42896]   INFO - il.indexing.FileBasedIndexImpl - Index IdIndex will be built. 
2019-05-09 09:13:39,010 [  42926]   INFO - il.indexing.FileBasedIndexImpl - Index Stubs will be built. 
2019-05-09 09:13:39,022 [  42938]   INFO - ellij.project.impl.ProjectImpl - 15 project components initialized in 323 ms 
2019-05-09 09:13:39,357 [  43273]   INFO - tellij.psi.stubs.StubIndexImpl - All stub exts enumerated:775, number of extensions:74 
2019-05-09 09:13:39,358 [  43274]   INFO - tellij.psi.stubs.StubIndexImpl - stub exts update scheduled:0 
2019-05-09 09:13:39,360 [  43276]   WARN - llij.ide.plugins.PluginManager - mybatis support not loaded: since build 191.6707 > WS-191.6183.63 
2019-05-09 09:13:39,360 [  43276]   WARN - llij.ide.plugins.PluginManager - Stackexchange not loaded: since build 191.6707 > WS-191.6183.63 
2019-05-09 09:13:39,369 [  43285]   WARN - llij.ide.plugins.PluginManager - Subversion not loaded: since build 191.6707 > WS-191.6183.63 
2019-05-09 09:13:39,371 [  43287]   WARN - llij.ide.plugins.PluginManager - Git User not loaded: since build 191.6707 > WS-191.6183.63 
2019-05-09 09:13:39,372 [  43288]   WARN - llij.ide.plugins.PluginManager - Jake's Theme not loaded: since build 191.6183.87 > WS-191.6183.63 
2019-05-09 09:13:39,372 [  43288]   WARN - llij.ide.plugins.PluginManager - Gruvbox Theme not loaded: since build 191.6707 > WS-191.6183.63 
2019-05-09 09:13:39,373 [  43289]   WARN - llij.ide.plugins.PluginManager - Task Management not loaded: since build 191.6707 > WS-191.6183.63 
2019-05-09 09:13:39,373 [  43289]   WARN - llij.ide.plugins.PluginManager - Command Line Tool Support not loaded: since build 191.6707 > WS-191.6183.63 
2019-05-09 09:13:39,374 [  43290]   WARN - llij.ide.plugins.PluginManager - Docker integration not loaded: since build 191.6707 > WS-191.6183.63 
2019-05-09 09:13:39,374 [  43290]   WARN - llij.ide.plugins.PluginManager - Gherkin not loaded: since build 191.6707 > WS-191.6183.63 
2019-05-09 09:13:39,374 [  43290]   WARN - llij.ide.plugins.PluginManager - logstash config support not loaded: since build 191.6707 > WS-191.6183.63 
2019-05-09 09:13:39,375 [  43291]   WARN - llij.ide.plugins.PluginManager - LiveEdit not loaded: since build 191.6707 > WS-191.6183.63 
2019-05-09 09:13:39,376 [  43292]   WARN - llij.ide.plugins.PluginManager - Prettier not loaded: since build 191.6707 > WS-191.6183.63 
2019-05-09 09:13:39,376 [  43292]   WARN - llij.ide.plugins.PluginManager - Osmorc not loaded: since build 191.6707 > WS-191.6183.63 
2019-05-09 09:13:39,376 [  43292]   WARN - llij.ide.plugins.PluginManager - AngularJS not loaded: since build 191.6707 > WS-191.6183.63 
2019-05-09 09:13:39,376 [  43292]   WARN - llij.ide.plugins.PluginManager - Cucumber.js not loaded: since build 191.6707 > WS-191.6183.63 
2019-05-09 09:13:39,376 [  43292]   WARN - llij.ide.plugins.PluginManager - Blade Support not loaded: since build 191.6707 > WS-191.6183.63 
2019-05-09 09:13:39,376 [  43292]   WARN - llij.ide.plugins.PluginManager - Yeoman not loaded: since build 191.6707 > WS-191.6183.63 
2019-05-09 09:13:39,377 [  43293]   WARN - llij.ide.plugins.PluginManager - Vue.js not loaded: since build 191.6707 > WS-191.6183.63 
2019-05-09 09:13:39,377 [  43293]   WARN - llij.ide.plugins.PluginManager - Svelte not loaded: since build 191.6707 > WS-191.6183.63 
2019-05-09 09:13:39,377 [  43293]   WARN - llij.ide.plugins.PluginManager - Python not loaded: since build 191.6707 > WS-191.6183.63 
2019-05-09 09:13:39,377 [  43293]   WARN - llij.ide.plugins.PluginManager - Ruby not loaded: since build 191.6707 > WS-191.6183.63 
2019-05-09 09:13:39,377 [  43293]   WARN - llij.ide.plugins.PluginManager - CoffeeScript not loaded: since build 191.6707 > WS-191.6183.63 
2019-05-09 09:13:39,377 [  43293]   WARN - llij.ide.plugins.PluginManager - Dart not loaded: since build 191.6707 > WS-191.6183.63 
2019-05-09 09:13:39,377 [  43293]   WARN - llij.ide.plugins.PluginManager - PHP not loaded: since build 191.6707 > WS-191.6183.63 
2019-05-09 09:13:39,378 [  43294]   WARN - llij.ide.plugins.PluginManager - Flutter not loaded: since build 191.6707 > WS-191.6183.63 
2019-05-09 09:13:39,379 [  43295]   WARN - llij.ide.plugins.PluginManager - Less support not loaded: since build 191.6707 > WS-191.6183.63 
2019-05-09 09:13:39,379 [  43295]   WARN - llij.ide.plugins.PluginManager - NodeJS not loaded: since build 191.6707 > WS-191.6183.63 
2019-05-09 09:13:39,380 [  43296]   WARN - llij.ide.plugins.PluginManager - Karma not loaded: since build 191.6707 > WS-191.6183.63 
2019-05-09 09:13:39,381 [  43297]   WARN - llij.ide.plugins.PluginManager - Kotlin Fill Class not loaded: since build 191.6707 > WS-191.6183.63 
2019-05-09 09:13:39,381 [  43297]   WARN - llij.ide.plugins.PluginManager - Maven Dependency Updater not loaded: since build 191.6707 > WS-191.6183.63 
2019-05-09 09:13:39,381 [  43297]   WARN - llij.ide.plugins.PluginManager - Kubernetes not loaded: since build 191.6707 > WS-191.6183.63 
2019-05-09 09:13:39,391 [  43307]   INFO - pi.util.registry.RegistryValue - Registry value 'ide.tooltip.show.with.actions' has changed to 'true' 
2019-05-09 09:13:39,492 [  43408]   INFO - j.ide.ui.OptionsTopHitProvider - 1622 ms spent to cache options in application 
2019-05-09 09:13:39,492 [  43408]   INFO - .openapi.application.Preloader - com.intellij.ide.ui.OptionsTopHitProvider$Activity took 1621 ms 
2019-05-09 09:13:39,547 [  43463]   INFO - ij.psi.stubs.StubUpdatingIndex - Following new file types will be indexed:ActionScript,JSP,Handlebars/Mustache,Stylus,JavaScript,CoffeeScript,XML,SCSS,JSX Harmony,Bash,Jade,Angular2Html,ECMAScript 6,Angular Metadata JSON,EJS,Markdown,Literate CoffeeScript,CSS,Spacebars,TypeScript,Less,Flow,TypeScript JSX,Sass,HTML 
2019-05-09 09:13:39,549 [  43465]   INFO - plication.impl.ApplicationImpl - 75 application components initialized in 3539ms 
2019-05-09 09:13:39,566 [  43482]   INFO - .intellij.idea.IdeaApplication - App initialization took 44583 ms 
2019-05-09 09:13:39,688 [  43604]   INFO - il.indexing.FileBasedIndexImpl - Index Trigram.Index will be built. 
2019-05-09 09:13:39,842 [  43758]   INFO - il.indexing.FileBasedIndexImpl - Index fileIncludes will be built. 
2019-05-09 09:13:39,943 [  43859]   INFO - il.indexing.FileBasedIndexImpl - Index DomFileIndex will be built. 
2019-05-09 09:13:40,118 [  44034]   INFO - il.indexing.FileBasedIndexImpl - Index RelaxSymbolIndex will be built. 
2019-05-09 09:13:40,176 [  44092]   INFO - il.indexing.FileBasedIndexImpl - Index XmlTagNames will be built. 
2019-05-09 09:13:40,192 [  44108]   INFO - m.intellij.ui.mac.touchbar.NST - OS doesn't support touchbar, skip nst loading 
2019-05-09 09:13:40,208 [  44124]   INFO - il.indexing.FileBasedIndexImpl - Index XmlNamespaces will be built. 
2019-05-09 09:13:40,270 [  44186]   INFO - il.indexing.FileBasedIndexImpl - Index html5.custom.attributes.index will be built. 
2019-05-09 09:13:40,333 [  44249]   INFO - il.indexing.FileBasedIndexImpl - Index SchemaTypeInheritance will be built. 
2019-05-09 09:13:40,379 [  44295]   INFO - il.indexing.FileBasedIndexImpl - Index ImageFileInfoIndex will be built. 
2019-05-09 09:13:40,442 [  44358]   INFO - il.indexing.FileBasedIndexImpl - Index json.file.root.values will be built. 
2019-05-09 09:13:40,489 [  44405]   INFO - il.indexing.FileBasedIndexImpl - Index HtmlTagIdIndex will be built. 
2019-05-09 09:13:40,529 [  44445]   INFO - il.indexing.FileBasedIndexImpl - Index XsltSymbolIndex will be built. 
2019-05-09 09:13:40,580 [  44496]   INFO - com.intellij.ide.ui.UISettings - Loaded: fontSize=12, fontScale=1.0; restored: fontSize=12, fontScale=1.0 
2019-05-09 09:13:40,580 [  44496]   INFO - com.intellij.ide.ui.UISettings - Loaded: fontSize=14, fontScale=1.0; restored: fontSize=14, fontScale=1.0 
2019-05-09 09:13:40,622 [  44538]   INFO - il.indexing.FileBasedIndexImpl - Index CssIndex will be built. 
2019-05-09 09:13:40,638 [  44554]   INFO - il.indexing.FileBasedIndexImpl - Index css.template.selectors will be built. 
2019-05-09 09:13:40,660 [  44576]   INFO - il.indexing.FileBasedIndexImpl - Index editorconfig.index.name will be built. 
2019-05-09 09:13:40,737 [  44653]   INFO - il.indexing.FileBasedIndexImpl - Index CompassFunctionsIndex will be built. 
2019-05-09 09:13:40,798 [  44714]   INFO - il.indexing.FileBasedIndexImpl - Index js.test.names will be built. 
2019-05-09 09:13:40,830 [  44746]   INFO - il.indexing.FileBasedIndexImpl - Index js.package.index will be built. 
2019-05-09 09:13:40,861 [  44777]   INFO - il.indexing.FileBasedIndexImpl - Index js.custom.single.entry.index will be built. 
2019-05-09 09:13:40,876 [  44792]   INFO - j.ide.ui.OptionsTopHitProvider - 465 ms spent on EDT to cache options in application 
2019-05-09 09:13:40,939 [  44855]   INFO - il.indexing.FileBasedIndexImpl - Index js.implicit.elements.index will be built. 
2019-05-09 09:13:40,986 [  44902]   INFO - il.indexing.FileBasedIndexImpl - Index angularjs.template.cache will be built. 
2019-05-09 09:13:41,001 [  44917]   INFO - il.indexing.FileBasedIndexImpl - Index angularjs.ui.router.views.index will be built. 
2019-05-09 09:13:41,017 [  44933]   INFO - il.indexing.FileBasedIndexImpl - Index angularjs.app.index will be built. 
2019-05-09 09:13:41,064 [  44980]   INFO - il.indexing.FileBasedIndexImpl - Index WebComponentsIndex will be built. 
2019-05-09 09:13:41,100 [  45016]   INFO - il.indexing.FileBasedIndexImpl - Index MeteorTemplateIndex will be built. 
2019-05-09 09:13:41,126 [  45042]   INFO - il.indexing.FileBasedIndexImpl - Index http.request.execution.environment will be built. 
2019-05-09 09:13:41,145 [  45061]   INFO - il.indexing.FileBasedIndexImpl - Index yaml.keys.name will be built. 
2019-05-09 09:13:41,192 [  45108]   INFO - il.indexing.FileBasedIndexImpl - Index DartImportIndex will be built. 
2019-05-09 09:13:41,208 [  45124]   INFO - il.indexing.FileBasedIndexImpl - Index DartPathIndex will be built. 
2019-05-09 09:13:41,223 [  45139]   INFO - il.indexing.FileBasedIndexImpl - Index DartClassIndex will be built. 
2019-05-09 09:13:41,239 [  45155]   INFO - il.indexing.FileBasedIndexImpl - Index DartLibraryIndex will be built. 
2019-05-09 09:13:41,270 [  45186]   INFO - il.indexing.FileBasedIndexImpl - Index DartComponentIndex will be built. 
2019-05-09 09:13:41,301 [  45217]   INFO - il.indexing.FileBasedIndexImpl - Index DartSymbolIndex will be built. 
2019-05-09 09:13:41,317 [  45233]   INFO - il.indexing.FileBasedIndexImpl - Index docker.compose.services will be built. 
2019-05-09 09:13:41,333 [  45249]   INFO - pl$FileIndexDataInitialization - Initialization done:2768 
2019-05-09 09:13:41,333 [  45249]   INFO - tellij.psi.stubs.StubIndexImpl - Stub index dom.namespaceKey will be built. 
2019-05-09 09:13:41,348 [  45264]   INFO - tellij.psi.stubs.StubIndexImpl - Stub index dom.elementClass will be built. 
2019-05-09 09:13:41,364 [  45280]   INFO - tellij.psi.stubs.StubIndexImpl - Stub index Css.ampersand.selector will be built. 
2019-05-09 09:13:41,380 [  45296]   INFO - tellij.psi.stubs.StubIndexImpl - Stub index Css.class will be built. 
2019-05-09 09:13:41,380 [  45296]   INFO - tellij.psi.stubs.StubIndexImpl - Stub index Css.id will be built. 
2019-05-09 09:13:41,411 [  45327]   INFO - tellij.psi.stubs.StubIndexImpl - Stub index Css.attr will be built. 
2019-05-09 09:13:41,426 [  45342]   INFO - tellij.psi.stubs.StubIndexImpl - Stub index Css.custom.property will be built. 
2019-05-09 09:13:41,426 [  45342]   INFO - tellij.psi.stubs.StubIndexImpl - Stub index Css.custom.mixin will be built. 
2019-05-09 09:13:41,442 [  45358]   INFO - tellij.psi.stubs.StubIndexImpl - Stub index markdown.header will be built. 
2019-05-09 09:13:41,458 [  45374]   INFO - tellij.psi.stubs.StubIndexImpl - Stub index Less.mixins will be built. 
2019-05-09 09:13:41,458 [  45374]   INFO - tellij.psi.stubs.StubIndexImpl - Stub index Less.variables will be built. 
2019-05-09 09:13:41,473 [  45389]   INFO - tellij.psi.stubs.StubIndexImpl - Stub index Scss.variable will be built. 
2019-05-09 09:13:41,473 [  45389]   INFO - tellij.psi.stubs.StubIndexImpl - Stub index Scss.placeholder.selector will be built. 
2019-05-09 09:13:41,499 [  45415]   INFO - tellij.psi.stubs.StubIndexImpl - Stub index Scss.function will be built. 
2019-05-09 09:13:41,513 [  45429]   INFO - tellij.psi.stubs.StubIndexImpl - Stub index Scss.mixin will be built. 
2019-05-09 09:13:41,513 [  45429]   INFO - tellij.psi.stubs.StubIndexImpl - Stub index Stylus.variables will be built. 
2019-05-09 09:13:41,575 [  45491]   INFO - tellij.psi.stubs.StubIndexImpl - Stub index Stylus.mixins will be built. 
2019-05-09 09:13:41,575 [  45491]   INFO - tellij.psi.stubs.StubIndexImpl - Stub index bash.function.name will be built. 
2019-05-09 09:13:41,591 [  45507]   INFO - tellij.psi.stubs.StubIndexImpl - Stub index bash.script.name will be built. 
2019-05-09 09:13:41,613 [  45529]   INFO - tellij.psi.stubs.StubIndexImpl - Stub index bash.included will be built. 
2019-05-09 09:13:41,624 [  45540]   INFO - tellij.psi.stubs.StubIndexImpl - Stub index bash.includers will be built. 
2019-05-09 09:13:41,663 [  45579]   INFO - tellij.psi.stubs.StubIndexImpl - Stub index bash.scriptCommandReference will be built. 
2019-05-09 09:13:41,678 [  45594]   INFO - tellij.psi.stubs.StubIndexImpl - Stub index bash.vardef will be built. 
2019-05-09 09:13:41,688 [  45604]   INFO - tellij.psi.stubs.StubIndexImpl - Stub index bash.var will be built. 
2019-05-09 09:13:41,698 [  45614]   INFO - tellij.psi.stubs.StubIndexImpl - Stub index js.qualified.shortName will be built. 
2019-05-09 09:13:41,717 [  45633]   INFO - tellij.psi.stubs.StubIndexImpl - Stub index js.element.qualifiedName will be built. 
2019-05-09 09:13:41,890 [  45806]   INFO - tellij.psi.stubs.StubIndexImpl - Stub index JS.global.qualified.elements will be built. 
2019-05-09 09:13:41,897 [  45813]   INFO - .openapi.application.Preloader - com.intellij.openapi.actionSystem.impl.ActionPreloader took 2397 ms 
2019-05-09 09:13:41,939 [  45855]   INFO - tellij.psi.stubs.StubIndexImpl - Stub index ts.external.module.index will be built. 
2019-05-09 09:13:41,956 [  45872]   INFO - tellij.psi.stubs.StubIndexImpl - Stub index JS.class.super will be built. 
2019-05-09 09:13:41,976 [  45892]   INFO - tellij.psi.stubs.StubIndexImpl - Stub index JS.class.implements will be built. 
2019-05-09 09:13:42,003 [  45919]   INFO - tellij.psi.stubs.StubIndexImpl - Stub index JS.custom.stub.index will be built. 
2019-05-09 09:13:42,049 [  45965]   INFO - tellij.psi.stubs.StubIndexImpl - Stub index js.symbol.index2 will be built. 
2019-05-09 09:13:42,067 [  45983]   INFO - tellij.psi.stubs.StubIndexImpl - Stub index js.typedef.index2 will be built. 
2019-05-09 09:13:42,085 [  46001]   INFO - tellij.psi.stubs.StubIndexImpl - Stub index js.generics.index will be built. 
2019-05-09 09:13:42,101 [  46017]   INFO - tellij.psi.stubs.StubIndexImpl - Stub index JS.base.types.index will be built. 
2019-05-09 09:13:42,117 [  46033]   INFO - tellij.psi.stubs.StubIndexImpl - Stub index js.class.index2 will be built. 
2019-05-09 09:13:42,135 [  46051]   INFO - tellij.psi.stubs.StubIndexImpl - Stub index js.namespace.index will be built. 
2019-05-09 09:13:42,157 [  46073]   INFO - tellij.psi.stubs.StubIndexImpl - Stub index js.namespace.including.local.members.index will be built. 
2019-05-09 09:13:42,169 [  46085]   INFO - tellij.psi.stubs.StubIndexImpl - Stub index JS.subclass.stub.index will be built. 
2019-05-09 09:13:42,183 [  46099]   INFO - tellij.psi.stubs.StubIndexImpl - Stub index js.symbol.qualified.names.index will be built. 
2019-05-09 09:13:42,195 [  46111]   INFO - tellij.psi.stubs.StubIndexImpl - Stub index amd.baseUrl.index will be built. 
2019-05-09 09:13:42,206 [  46122]   INFO - tellij.psi.stubs.StubIndexImpl - Stub index amd.requirePaths.index will be built. 
2019-05-09 09:13:42,219 [  46135]   INFO - tellij.psi.stubs.StubIndexImpl - Stub index js.global.symbol.index will be built. 
2019-05-09 09:13:42,232 [  46148]   INFO - tellij.psi.stubs.StubIndexImpl - Stub index js.exported.index will be built. 
2019-05-09 09:13:42,249 [  46165]   INFO - tellij.psi.stubs.StubIndexImpl - Stub index es6.exported.index will be built. 
2019-05-09 09:13:42,262 [  46178]   INFO - tellij.psi.stubs.StubIndexImpl - Stub index es6.assignment.index will be built. 
2019-05-09 09:13:42,273 [  46189]   INFO - tellij.psi.stubs.StubIndexImpl - Stub index ts.local.classes will be built. 
2019-05-09 09:13:42,283 [  46199]   INFO - tellij.psi.stubs.StubIndexImpl - Stub index ts.embedded.content.index will be built. 
2019-05-09 09:13:42,310 [  46226]   INFO - tellij.psi.stubs.StubIndexImpl - Stub index js.nonglobal.symbol.index will be built. 
2019-05-09 09:13:42,332 [  46248]   INFO - tellij.psi.stubs.StubIndexImpl - Stub index js.gcl.modules will be built. 
2019-05-09 09:13:42,375 [  46291]   INFO - tellij.psi.stubs.StubIndexImpl - Stub index js.doc.modules will be built. 
2019-05-09 09:13:42,385 [  46301]   INFO - tellij.psi.stubs.StubIndexImpl - Stub index js.amd.modules will be built. 
2019-05-09 09:13:42,396 [  46312]   INFO - tellij.psi.stubs.StubIndexImpl - Stub index angularjs.directives.index will be built. 
2019-05-09 09:13:42,430 [  46346]   INFO - tellij.psi.stubs.StubIndexImpl - Stub index angularjs.directives.doc.index will be built. 
2019-05-09 09:13:42,442 [  46358]   INFO - tellij.psi.stubs.StubIndexImpl - Stub index angularjs.controller.index will be built. 
2019-05-09 09:13:42,454 [  46370]   INFO - tellij.psi.stubs.StubIndexImpl - Stub index angularjs.module.index will be built. 
2019-05-09 09:13:42,465 [  46381]   INFO - tellij.psi.stubs.StubIndexImpl - Stub index angularjs.filter.index will be built. 
2019-05-09 09:13:42,476 [  46392]   INFO - tellij.psi.stubs.StubIndexImpl - Stub index angularjs.symbol.index will be built. 
2019-05-09 09:13:42,515 [  46431]   INFO - tellij.psi.stubs.StubIndexImpl - Stub index angularjs.ui.router.states.index will be built. 
2019-05-09 09:13:42,558 [  46474]   INFO - tellij.psi.stubs.StubIndexImpl - Stub index angularjs.ui.router.generic.states.index will be built. 
2019-05-09 09:13:42,569 [  46485]   INFO - tellij.psi.stubs.StubIndexImpl - Stub index angularjs.templateUrl.index will be built. 
2019-05-09 09:13:42,580 [  46496]   INFO - tellij.psi.stubs.StubIndexImpl - Stub index angularjs.generic.modules.index will be built. 
2019-05-09 09:13:42,591 [  46507]   INFO - tellij.psi.stubs.StubIndexImpl - Stub index angularjs.delimiter.index will be built. 
2019-05-09 09:13:42,602 [  46518]   INFO - tellij.psi.stubs.StubIndexImpl - Stub index angular2.templateUrl.index will be built. 
2019-05-09 09:13:42,615 [  46531]   INFO - tellij.psi.stubs.StubIndexImpl - Stub index angular2.source.pipe.index will be built. 
2019-05-09 09:13:42,643 [  46559]   INFO - tellij.psi.stubs.StubIndexImpl - Stub index angular2.source.directive.index will be built. 
2019-05-09 09:13:42,655 [  46571]   INFO - .openapi.application.Preloader - com.intellij.ide.ui.search.SearchableOptionPreloader took 758 ms 
2019-05-09 09:13:42,761 [  46677]   INFO - tellij.psi.stubs.StubIndexImpl - Stub index angular2.source.module.index will be built. 
2019-05-09 09:13:42,771 [  46687]   INFO - tellij.psi.stubs.StubIndexImpl - Stub index angular2.metadata.pipe.index will be built. 
2019-05-09 09:13:42,783 [  46699]   INFO - tellij.psi.stubs.StubIndexImpl - Stub index angular2.metadata.entityClassName.index will be built. 
2019-05-09 09:13:42,795 [  46711]   INFO - tellij.psi.stubs.StubIndexImpl - Stub index angular2.metadata.directive.index will be built. 
2019-05-09 09:13:42,807 [  46723]   INFO - tellij.psi.stubs.StubIndexImpl - Stub index angular2.metadata.node.index will be built. 
2019-05-09 09:13:42,821 [  46737]   INFO - tellij.psi.stubs.StubIndexImpl - Stub index angular2.metadata.function.index will be built. 
2019-05-09 09:13:42,834 [  46750]   INFO - tellij.psi.stubs.StubIndexImpl - Stub index angular2.metadata.module.index will be built. 
2019-05-09 09:13:42,852 [  46768]   WARN - lij.util.ExtensionInstantiator - Bean extension class constructor must not have parameters: net.ishchenko.idea.nginx.NginxCompletionContributor [Plugin: ideanginx9] 
com.intellij.diagnostic.PluginException: Bean extension class constructor must not have parameters: net.ishchenko.idea.nginx.NginxCompletionContributor [Plugin: ideanginx9]
	at com.intellij.util.ExtensionInstantiator.instantiateWithPicoContainerOnlyIfNeeded(ExtensionInstantiator.java:48)
	at com.intellij.openapi.extensions.CustomLoadingExtensionPointBean.instantiateExtension(CustomLoadingExtensionPointBean.java:21)
	at com.intellij.lang.LanguageExtensionPoint.lambda$new$0(LanguageExtensionPoint.java:22)
	at com.intellij.openapi.util.NotNullLazyValue$2.compute(NotNullLazyValue.java:68)
	at com.intellij.openapi.util.NotNullLazyValue.getValue(NotNullLazyValue.java:39)
	at com.intellij.lang.LanguageExtensionPoint.getInstance(LanguageExtensionPoint.java:27)
	at com.intellij.codeInsight.completion.CompletionPreloader.preload(CompletionPreloader.java:17)
	at com.intellij.openapi.application.Preloader.lambda$null$0(Preloader.java:66)
	at com.intellij.openapi.progress.impl.CoreProgressManager.lambda$runProcess$2(CoreProgressManager.java:164)
	at com.intellij.openapi.progress.impl.CoreProgressManager.registerIndicatorAndRun(CoreProgressManager.java:586)
	at com.intellij.openapi.progress.impl.CoreProgressManager.executeProcessUnderProgress(CoreProgressManager.java:532)
	at com.intellij.openapi.progress.impl.ProgressManagerImpl.executeProcessUnderProgress(ProgressManagerImpl.java:86)
	at com.intellij.openapi.progress.impl.CoreProgressManager.runProcess(CoreProgressManager.java:151)
	at com.intellij.openapi.application.Preloader.lambda$initComponent$1(Preloader.java:63)
	at com.intellij.util.concurrency.BoundedTaskExecutor.doRun(BoundedTaskExecutor.java:220)
	at com.intellij.util.concurrency.BoundedTaskExecutor.access$100(BoundedTaskExecutor.java:26)
	at com.intellij.util.concurrency.BoundedTaskExecutor$2.lambda$run$0(BoundedTaskExecutor.java:198)
	at com.intellij.util.ConcurrencyUtil.runUnderThreadName(ConcurrencyUtil.java:224)
	at com.intellij.util.concurrency.BoundedTaskExecutor$2.run(BoundedTaskExecutor.java:194)
	at java.util.concurrent.ThreadPoolExecutor.runWorker(ThreadPoolExecutor.java:1149)
	at java.util.concurrent.ThreadPoolExecutor$Worker.run(ThreadPoolExecutor.java:624)
	at java.lang.Thread.run(Thread.java:748)
2019-05-09 09:13:42,897 [  46813]   INFO - tellij.psi.stubs.StubIndexImpl - Stub index jade.mixin will be built. 
2019-05-09 09:13:42,910 [  46826]   INFO - exImpl$StubIndexInitialization - Initialization done:1564 
2019-05-09 09:13:43,072 [  46988]   INFO - .openapi.application.Preloader - com.intellij.codeInsight.completion.CompletionPreloader took 416 ms 
2019-05-09 09:13:43,076 [  46992]   INFO - .openapi.application.Preloader - com.intellij.ide.actions.GotoClassPresentationUpdater took 3 ms 
2019-05-09 09:13:44,255 [  48171]   INFO - .openapi.application.Preloader - com.ansorgit.plugins.bash.editor.codecompletion.PreloadPathCompletionActivity took 1188 ms 
2019-05-09 09:13:56,457 [  60373]   INFO - pl.projectlevelman.NewMappings - VCS Root: [] - [<Project>] 
2019-05-09 09:13:56,457 [  60373]   INFO - pl.projectlevelman.NewMappings - VCS Root: [Git] - [E:/platform] 
2019-05-09 09:13:56,858 [  60774]   INFO - ellij.project.impl.ProjectImpl - 102 project components initialized in 604 ms 
2019-05-09 09:13:56,927 [  60843]   INFO - le.impl.ModuleManagerComponent - 1 module(s) loaded in 68 ms 
2019-05-09 09:13:57,071 [  60987]   INFO - j.ide.script.IdeStartupScripts - 0 startup script(s) found 
2019-05-09 09:13:57,235 [  61151]   INFO - rojectCodeStyleSettingsManager - Initialized from default code style settings. 
2019-05-09 09:13:57,352 [  61268]   INFO - om.intellij.util.ProfilingUtil - Profiling agent is not enabled. Add -agentlib:yjpagent to idea.vmoptions if necessary to profile IDEA. 
2019-05-09 09:13:57,833 [  61749]   INFO -              PerformancePlugin - Performance Plugin is in silent mode 
2019-05-09 09:13:58,338 [  62254]   INFO - tartup.impl.StartupManagerImpl - EditorHistoryManagerStartUpActivity run in 225ms under project opening modal progress 
2019-05-09 09:13:59,680 [  63596]   INFO - tartup.impl.StartupManagerImpl - OpenFilesActivity run in 1326ms under project opening modal progress 
2019-05-09 09:13:59,707 [  63623]   INFO - Tools.base.JsbtStartupActivity - Detecting buildfiles for com.intellij.lang.javascript.buildTools.grunt.GruntfileManager 
2019-05-09 09:13:59,708 [  63624]   INFO - Tools.base.JsbtStartupActivity - Detecting buildfiles for com.intellij.lang.javascript.buildTools.gulp.GulpfileManager 
2019-05-09 09:13:59,709 [  63625]   INFO - Tools.base.JsbtStartupActivity - Detecting buildfiles for com.intellij.lang.javascript.buildTools.npm.PackageJsonFileManager 
2019-05-09 09:13:59,848 [  63764]   INFO - .diagnostic.PerformanceWatcher - Post-startup activities under progress took 1889ms; general responsiveness: ok; EDT responsiveness: 1/2 sluggish 
2019-05-09 09:14:00,396 [  64312]   INFO - openapi.wm.impl.PaintersHelper - (BufferedImageGraphicsConfig) 1920x1017 non-accelerated non-volatile image created 
2019-05-09 09:14:00,559 [  64475]   INFO - Json.PackageJsonUpdateNotifier - processPackageJsonFiles [file://E:/platform/client/media/package.json] 
2019-05-09 09:14:02,076 [  65992]   INFO - tartup.impl.StartupManagerImpl - E:/platform/.idea case-sensitivity: expected=false actual=false 
2019-05-09 09:14:02,135 [  66051]   INFO -  #git4idea.commands.GitHandler - [.] git version 
2019-05-09 09:14:02,141 [  66057]   INFO - re.NodeCoreLibraryConfigurator - Running "C:\Program Files\nodejs\node.exe" --inspect=53390 "E:\devt\WebStorm 2019.1\plugins\JavaScriptLanguage\helpers\node-core-modules\node-core-modules-loader.js" assert async_hooks buffer child_process cluster crypto dgram dns domain events fs http https net os path punycode querystring readline repl stream string_decoder tls tty url util v8 vm worker_threads zlib 
2019-05-09 09:14:02,632 [  66548]   INFO - son.PackageVersionRangeMatcher - Matching 84 done in 537 ms 
2019-05-09 09:14:02,801 [  66717]   INFO - re.NodeCoreLibraryConfigurator - [stdout] Debugger listening on ws://127.0.0.1:53390/f8213f5e-6a43-42b5-813a-efc3423163c4 
2019-05-09 09:14:02,801 [  66717]   INFO - re.NodeCoreLibraryConfigurator - [stdout] For help see https://nodejs.org/en/docs/inspector 
2019-05-09 09:14:02,891 [  66807]   INFO - re.NodeCoreLibraryConfigurator - [stdout] Failed to load worker_threads { Error: Cannot find module 'worker_threads' 
2019-05-09 09:14:02,891 [  66807]   INFO - re.NodeCoreLibraryConfigurator - [stdout]     at Function.Module._resolveFilename (module.js:548:15) 
2019-05-09 09:14:02,891 [  66807]   INFO - re.NodeCoreLibraryConfigurator - [stdout]     at Function.Module._load (module.js:475:25) 
2019-05-09 09:14:02,891 [  66807]   INFO - re.NodeCoreLibraryConfigurator - [stdout]     at Module.require (module.js:597:17) 
2019-05-09 09:14:02,891 [  66807]   INFO - re.NodeCoreLibraryConfigurator - [stdout]     at require (internal/module.js:11:18) 
2019-05-09 09:14:02,891 [  66807]   INFO - re.NodeCoreLibraryConfigurator - [stdout]     at E:\devt\WebStorm 2019.1\plugins\JavaScriptLanguage\helpers\node-core-modules\node-core-modules-loader.js:6:26 
2019-05-09 09:14:02,891 [  66807]   INFO - re.NodeCoreLibraryConfigurator - [stdout]     at Array.forEach (<anonymous>) 
2019-05-09 09:14:02,891 [  66807]   INFO - re.NodeCoreLibraryConfigurator - [stdout]     at Object.<anonymous> (E:\devt\WebStorm 2019.1\plugins\JavaScriptLanguage\helpers\node-core-modules\node-core-modules-loader.js:4:17) 
2019-05-09 09:14:02,891 [  66807]   INFO - re.NodeCoreLibraryConfigurator - [stdout]     at Module._compile (module.js:653:30) 
2019-05-09 09:14:02,891 [  66807]   INFO - re.NodeCoreLibraryConfigurator - [stdout]     at Object.Module._extensions..js (module.js:664:10) 
2019-05-09 09:14:02,891 [  66807]   INFO - re.NodeCoreLibraryConfigurator - [stdout]     at Module.load (module.js:566:32) code: 'MODULE_NOT_FOUND' } 
2019-05-09 09:14:02,893 [  66809]   INFO - re.NodeCoreLibraryConfigurator - [stdout] Loaded core modules: assert,async_hooks,buffer,child_process,cluster,crypto,dgram,dns,domain,events,fs,http,https,net,os,path,punycode,querystring,readline,repl,stream,string_decoder,tls,tty,url,util,v8,vm,zlib 
2019-05-09 09:14:02,893 [  66809]   INFO - re.NodeCoreLibraryConfigurator - [stdout] @debugger: core modules loaded, ready for communication 
2019-05-09 09:14:03,090 [  67006]   INFO - tor.impl.FileEditorManagerImpl - Project opening took 6884 ms 
2019-05-09 09:14:03,387 [  67303]   INFO - cript.buildTools.base.JsbtUtil - Iterating over content roots for module E:/platform/.idea/platform.iml 
2019-05-09 09:14:03,388 [  67304]   INFO - cript.buildTools.base.JsbtUtil - Detecting in content root E:/platform 
2019-05-09 09:14:03,388 [  67304]   INFO - cript.buildTools.base.JsbtUtil - Detecting by children: [file://E:/platform/api, file://E:/platform/.git, file://E:/platform/.idea, file://E:/platform/client, file://E:/platform/deploy, file://E:/platform/service, file://E:/platform/database, file://E:/platform/.gitignore, file://E:/platform/sonar-project.properties] 
2019-05-09 09:14:03,388 [  67304]   INFO - Tools.base.JsbtStartupActivity - Found [] for com.intellij.lang.javascript.buildTools.grunt.GruntService 
2019-05-09 09:14:03,388 [  67304]   INFO - cript.buildTools.base.JsbtUtil - Iterating over content roots for module E:/platform/.idea/platform.iml 
2019-05-09 09:14:03,396 [  67312]   INFO - cript.buildTools.base.JsbtUtil - Detecting in content root E:/platform 
2019-05-09 09:14:03,396 [  67312]   INFO - cript.buildTools.base.JsbtUtil - Detecting by children: [file://E:/platform/api, file://E:/platform/.git, file://E:/platform/.idea, file://E:/platform/client, file://E:/platform/deploy, file://E:/platform/service, file://E:/platform/database, file://E:/platform/.gitignore, file://E:/platform/sonar-project.properties] 
2019-05-09 09:14:03,397 [  67313]   INFO - Tools.base.JsbtStartupActivity - Found [] for com.intellij.lang.javascript.buildTools.gulp.GulpService 
2019-05-09 09:14:03,398 [  67314]   INFO - cript.buildTools.base.JsbtUtil - Iterating over content roots for module E:/platform/.idea/platform.iml 
2019-05-09 09:14:03,398 [  67314]   INFO - cript.buildTools.base.JsbtUtil - Detecting in content root E:/platform 
2019-05-09 09:14:03,398 [  67314]   INFO - ols.npm.PackageJsonFileManager - Found package.json in E:/platform: null 
2019-05-09 09:14:03,398 [  67314]   INFO - Tools.base.JsbtStartupActivity - Found [] for com.intellij.lang.javascript.buildTools.npm.NpmScriptsService 
2019-05-09 09:14:03,494 [  67410]   INFO - re.NodeCoreLibraryConfigurator - Loaded 90 scripts, previously 0 
2019-05-09 09:14:03,876 [  67792]   INFO -  #git4idea.commands.GitHandler - git version 2.21.0.windows.1 
2019-05-09 09:14:04,023 [  67939]   INFO - ea.config.GitExecutableManager - Git version for C:\Program Files\Git\cmd\git.exe : 2.21.0 
2019-05-09 09:14:04,127 [  68043]   INFO - re.NodeCoreLibraryConfigurator - [stdout] #10 Waiting for external termination... 
2019-05-09 09:14:04,225 [  68141]   INFO - re.NodeCoreLibraryConfigurator - Loaded 90 scripts, previously 90 
2019-05-09 09:14:04,651 [  68567]   INFO - re.NodeCoreLibraryConfigurator - Loaded 90 scripts with content 
2019-05-09 09:14:04,976 [  68892]   INFO - pl.projectlevelman.NewMappings - VCS Root: [Git] - [E:/platform] 
2019-05-09 09:14:05,933 [  69849]   INFO - re.NodeCoreLibraryConfigurator - [stdout] #20 Waiting for external termination... 
2019-05-09 09:14:06,688 [  70604]   INFO - re.NodeCoreLibraryConfigurator - [stdout] #30 Waiting for external termination... 
2019-05-09 09:14:07,785 [  71701]   INFO - re.NodeCoreLibraryConfigurator - [stdout] #40 Waiting for external termination... 
2019-05-09 09:14:09,008 [  72924]   INFO - re.NodeCoreLibraryConfigurator - [stdout] #50 Waiting for external termination... 
2019-05-09 09:14:10,074 [  73990]   INFO - re.NodeCoreLibraryConfigurator - Process terminated with exit code -1 
2019-05-09 09:14:10,074 [  73990]   INFO - re.NodeCoreLibraryConfigurator - Done in 7955 ms, located in C:\Users\Jyn\.WebStorm2019.1\config\javascript\nodejs\8.16.0\core-modules 
2019-05-09 09:14:10,099 [  74015]  ERROR - ltInWebServer.BuiltInWebServer - 远程主机强迫关闭了一个现有的连接。 
java.io.IOException: 远程主机强迫关闭了一个现有的连接。
	at sun.nio.ch.SocketDispatcher.read0(Native Method)
	at sun.nio.ch.SocketDispatcher.read(SocketDispatcher.java:43)
	at sun.nio.ch.IOUtil.readIntoNativeBuffer(IOUtil.java:223)
	at sun.nio.ch.IOUtil.read(IOUtil.java:192)
	at sun.nio.ch.SocketChannelImpl.read(SocketChannelImpl.java:380)
	at io.netty.buffer.PooledUnsafeDirectByteBuf.setBytes(PooledUnsafeDirectByteBuf.java:288)
	at io.netty.buffer.AbstractByteBuf.writeBytes(AbstractByteBuf.java:1132)
	at io.netty.channel.socket.nio.NioSocketChannel.doReadBytes(NioSocketChannel.java:347)
	at io.netty.channel.nio.AbstractNioByteChannel$NioByteUnsafe.read(AbstractNioByteChannel.java:148)
	at io.netty.channel.nio.NioEventLoop.processSelectedKey(NioEventLoop.java:656)
	at io.netty.channel.nio.NioEventLoop.processSelectedKeysOptimized(NioEventLoop.java:591)
	at io.netty.channel.nio.NioEventLoop.processSelectedKeys(NioEventLoop.java:508)
	at io.netty.channel.nio.NioEventLoop.run(NioEventLoop.java:470)
	at io.netty.util.concurrent.SingleThreadEventExecutor$5.run(SingleThreadEventExecutor.java:909)
	at java.util.concurrent.ThreadPoolExecutor.runWorker(ThreadPoolExecutor.java:1149)
	at java.util.concurrent.ThreadPoolExecutor$Worker.run(ThreadPoolExecutor.java:624)
	at java.lang.Thread.run(Thread.java:748)
2019-05-09 09:14:10,100 [  74016]  ERROR - ltInWebServer.BuiltInWebServer - WebStorm 2019.1  Build #WS-191.6183.63 
2019-05-09 09:14:10,100 [  74016]  ERROR - ltInWebServer.BuiltInWebServer - JDK: 1.8.0_202-release; VM: OpenJDK 64-Bit Server VM; Vendor: JetBrains s.r.o 
2019-05-09 09:14:10,100 [  74016]  ERROR - ltInWebServer.BuiltInWebServer - OS: Windows 10 
2019-05-09 09:14:10,106 [  74022]  ERROR - ltInWebServer.BuiltInWebServer - Last Action: WelcomeScreen.OpenDirectoryProject 
2019-05-09 09:14:10,106 [  74022]   INFO - ltInWebServer.BuiltInWebServer - Channel will be closed due to error 
2019-05-09 09:14:10,192 [  74108]   INFO - indexing.UnindexedFilesUpdater - Unindexed files update canceled 
2019-05-09 09:14:10,192 [  74108]   INFO - pl.ProjectRootManagerComponent - project roots have changed 
2019-05-09 09:14:10,192 [  74108]   INFO - pl.ProjectRootManagerComponent - project roots have changed 
2019-05-09 09:14:10,379 [  74295]   INFO - g.FileBasedIndexProjectHandler - Reindexing refreshed files: 0 to update, calculated in 140ms 
2019-05-09 09:14:13,757 [  77673]   INFO - rationStore.ComponentStoreImpl - Saving appCodeStyleSettingsManager took 12 ms, LafManager took 19 ms 
2019-05-09 09:14:13,944 [  77860]   INFO - rationStore.ComponentStoreImpl - Saving Project 'E:\platform' platformRunManager took 15 ms 
2019-05-09 09:14:14,208 [  78124]   INFO - mponents.impl.stores.StoreUtil - saveProjectsAndApp took 1160 ms 
2019-05-09 09:14:28,939 [  92855]   INFO - .diagnostic.PerformanceWatcher - Pushing properties took 18560ms; general responsiveness: ok; EDT responsiveness: 2/18 sluggish 
2019-05-09 09:14:28,954 [  92870]   INFO - .TypeScriptLibraryProviderImpl - Start refreshing typescript libraries 
2019-05-09 09:14:28,986 [  92902]   INFO - .TypeScriptLibraryProviderImpl - End refreshing typescript libraries 
2019-05-09 09:14:29,457 [  93373]   INFO - .diagnostic.PerformanceWatcher - Indexable file iteration took 518ms; general responsiveness: ok; EDT responsiveness: ok 
2019-05-09 09:14:29,457 [  93373]   INFO - indexing.UnindexedFilesUpdater - Unindexed files update started: 4136 files to update 
2019-05-09 09:14:37,932 [ 101848]   INFO - ndex.PrebuiltIndexProviderBase - Using prebuilt sdk-stubs from C:\Users\Jyn\.WebStorm2019.1\system\index\.persistent\prebuilt\JavaScript\sdk-stubs.input 
2019-05-09 09:16:15,602 [ 199518]   INFO - rationStore.ComponentStoreImpl - Saving appFileTypeManager took 47 ms, HttpConfigurable took 16 ms, XPathView.XPathViewPlugin took 15 ms 
2019-05-09 09:16:15,653 [ 199569]   INFO - rationStore.ComponentStoreImpl - Saving Project 'E:\platform' platformRunManager took 13 ms 
2019-05-09 09:16:16,043 [ 199959]   INFO - mponents.impl.stores.StoreUtil - saveProjectsAndApp took 684 ms 
2019-05-09 09:16:20,073 [ 203989]   INFO - rationStore.ComponentStoreImpl - Saving appEditorSettings took 16 ms 
2019-05-09 09:16:20,452 [ 204368]   INFO - mponents.impl.stores.StoreUtil - saveProjectsAndApp took 395 ms 
2019-05-09 09:16:21,822 [ 205738]   INFO - mponents.impl.stores.StoreUtil - saveProjectsAndApp took 45 ms 
2019-05-09 09:17:03,491 [ 247407]   INFO - .diagnostic.PerformanceWatcher - Unindexed files update took 154034ms; general responsiveness: 1/151 sluggish; EDT responsiveness: 1/152 sluggish 
2019-05-09 09:17:03,495 [ 247411]   INFO - g.FileBasedIndexProjectHandler - Reindexing refreshed files: 0 to update, calculated in 1ms 
2019-05-09 09:17:04,215 [ 248131]   INFO - j.ide.ui.OptionsTopHitProvider - 712 ms spent to cache options in project 
2019-05-09 09:17:04,215 [ 248131]   INFO - tartup.impl.StartupManagerImpl - Some post-startup activities freeze UI for noticeable time. Please consider making them DumbAware to do them in background under modal progress, or just making them faster to speed up project opening. 
2019-05-09 09:17:04,215 [ 248131]   INFO - tartup.impl.StartupManagerImpl - Activity run in 712ms on UI thread 
2019-05-09 09:17:04,356 [ 248272]   INFO - tartup.impl.StartupManagerImpl - ProjectInspectionProfileStartUpActivity run in 141ms on UI thread 
2019-05-09 09:17:04,521 [ 248437]   INFO - tartup.impl.StartupManagerImpl - InitJSchLoggerStartupActivity run in 118ms on UI thread 
2019-05-09 09:17:04,521 [ 248437]   INFO - cloudConfig.CloudConfigManager - === StatusBar ignored === 
2019-05-09 09:17:06,356 [ 250272]   INFO - j.ide.ui.OptionsTopHitProvider - 242 ms spent on EDT to cache options in project 
2019-05-09 09:17:35,551 [ 279467]   INFO -  #git4idea.commands.GitHandler - git log took 16905 ms. Command parameters: 
cmd.exe /c start /b /low /wait  "C:\Program Files\Git\cmd\git.exe" -c core.quotepath=false -c log.showSignature=false -c diff.renameLimit=1000 log HEAD --branches --remotes --tags --pretty=format:%x01%x01%H%x02%x02%ct%x02%x02%an%x02%x02%at%x02%x02%ae%x02%x02%cn%x02%x02%ce%x02%x02%P%x02%x02%s%x02%x02%b%x02%x02%B%x03%x03 --encoding=UTF-8 -M --name-status -m -- 
2019-05-09 09:18:05,935 [ 309851]   INFO - son.PackageVersionRangeMatcher - Matching 84 done in 526 ms 
2019-05-09 09:19:02,323 [ 366239]   INFO - tellij.xml.Html5SchemaProvider - HTML5_SCHEMA_LOCATION = com.intellij.openapi.util.AtomicNotNullLazyValue$1@6e8c4759 
2019-05-09 09:22:35,803 [ 579719]   INFO - rationStore.ComponentStoreImpl - Saving Project 'E:\platform' platformRunManager took 21 ms, TaskManager took 12 ms, XDebuggerManager took 32 ms 
2019-05-09 09:22:35,994 [ 579910]   INFO - mponents.impl.stores.StoreUtil - saveProjectsAndApp took 407 ms 
2019-05-09 09:24:05,857 [ 669773]   INFO - t4idea.update.GitUpdateProcess - update started|BRANCH_DEFAULT 
2019-05-09 09:24:05,857 [ 669773]   INFO - t4idea.update.GitUpdateProcess - checkRebaseInProgress: checking if there is an unfinished rebase process... 
2019-05-09 09:24:05,887 [ 669803]   INFO - t4idea.update.GitUpdateProcess - isMergeInProgress: checking if there is an unfinished merge process... 
2019-05-09 09:24:05,888 [ 669804]   INFO - t4idea.update.GitUpdateProcess - areUnmergedFiles: checking if there are unmerged files... 
2019-05-09 09:24:06,322 [ 670238]   INFO - idea.merge.GitConflictResolver - merge: no unmerged files 
2019-05-09 09:24:06,322 [ 670238]   INFO - t4idea.update.GitUpdateProcess - checking tracked branch configuration... 
2019-05-09 09:24:06,657 [ 670573]   INFO -  #git4idea.commands.GitHandler - [platform] git -c core.quotepath=false -c log.showSignature=false fetch origin --progress --prune 
2019-05-09 09:24:08,265 [ 672181]   INFO -  #git4idea.commands.GitHandler - remote: Counting objects: 1293, done. 
2019-05-09 09:24:08,438 [ 672354]   INFO -  #git4idea.commands.GitHandler - remote: Compressing objects: 100% (624/624), done. 
2019-05-09 09:24:08,482 [ 672398]   INFO -  #git4idea.commands.GitHandler - From 192.168.21.122:zhsq/platform 
2019-05-09 09:24:08,483 [ 672399]   INFO -  #git4idea.commands.GitHandler - - [deleted]           (none)     -> origin/bug-13444-tenant 
2019-05-09 09:24:08,483 [ 672399]   INFO -  #git4idea.commands.GitHandler - - [deleted]           (none)     -> origin/bug-13467 
2019-05-09 09:24:08,483 [ 672399]   INFO -  #git4idea.commands.GitHandler - - [deleted]           (none)     -> origin/task-7965-member 
2019-05-09 09:24:08,483 [ 672399]   INFO -  #git4idea.commands.GitHandler - - [deleted]           (none)     -> origin/task-7969-member 
2019-05-09 09:24:08,483 [ 672399]   INFO -  #git4idea.commands.GitHandler - - [deleted]           (none)     -> origin/task-account-kingdee-tenant 
2019-05-09 09:24:10,248 [ 674164]   INFO -  #git4idea.commands.GitHandler - remote: Total 1293 (delta 738), reused 1148 (delta 648) 
2019-05-09 09:24:10,249 [ 674165]   INFO -  #git4idea.commands.GitHandler - Receiving objects: 100% (1293/1293), 1.59 MiB | 1.08 MiB/s, done. 
2019-05-09 09:24:10,303 [ 674219]   INFO -  #git4idea.commands.GitHandler - Resolving deltas: 100% (738/738), done. 
2019-05-09 09:24:10,723 [ 674639]   INFO -  #git4idea.commands.GitHandler - 91fe22ba..e9151092  develop      -> origin/develop 
2019-05-09 09:24:10,723 [ 674639]   INFO -  #git4idea.commands.GitHandler - 0c8a301e..057efc1c  check-system -> origin/check-system 
2019-05-09 09:24:10,723 [ 674639]   INFO -  #git4idea.commands.GitHandler - 6a03bf93..2fcb131e  jhq-develop  -> origin/jhq-develop 
2019-05-09 09:24:10,723 [ 674639]   INFO -  #git4idea.commands.GitHandler - b53cba36..1648e687  master       -> origin/master 
2019-05-09 09:24:10,898 [ 674814]   INFO -  #git4idea.commands.GitHandler - * [new tag]           parking-member-20190408 -> parking-member-20190408 
2019-05-09 09:24:11,030 [ 674946]   INFO - t4idea.update.GitUpdateProcess - checking tracked branch configuration... 
2019-05-09 09:24:12,195 [ 676111]   INFO - t4idea.update.GitUpdateProcess - Updaters: {E:\platform=Merge updater} 
2019-05-09 09:24:12,197 [ 676113]   INFO - t4idea.update.GitUpdateProcess - updateImpl: identifying if save is needed... 
2019-05-09 09:24:12,911 [ 676827]   INFO - t4idea.update.GitUpdateProcess - updateImpl: saving local changes... 
2019-05-09 09:24:13,249 [ 677165]   INFO - t4idea.update.GitUpdateProcess - updateImpl: updating... 
2019-05-09 09:24:13,578 [ 677494]   INFO - it4idea.update.GitMergeUpdater - doUpdate  
2019-05-09 09:24:13,584 [ 677500]   INFO -  #git4idea.commands.GitHandler - [platform] git -c core.quotepath=false -c log.showSignature=false merge origin/develop --no-stat -v 
2019-05-09 09:24:16,667 [ 680583]   INFO - t4idea.update.GitUpdateProcess - updating root E:\platform finished: SUCCESS 
2019-05-09 09:24:16,674 [ 680590]   INFO - ate.AbstractCommonUpdateAction - Calling refresh files after update for roots: [E:/platform/] 
2019-05-09 09:24:17,592 [ 681508]   INFO - g.FileBasedIndexProjectHandler - Reindexing refreshed files: 158 to update, calculated in 444ms 
2019-05-09 09:24:17,886 [ 681802]   INFO - Json.PackageJsonUpdateNotifier - processPackageJsonFiles [file://E:/platform/client/parking/package.json, file://E:/platform/client/member/package.json] 
2019-05-09 09:24:20,232 [ 684148]   INFO - .diagnostic.PerformanceWatcher - Reindexing refreshed files took 2640ms; general responsiveness: ok; EDT responsiveness: ok 
2019-05-09 09:24:29,231 [ 693147]   INFO - rationStore.ComponentStoreImpl - Saving Project 'E:\platform' platformBookmarkManager took 16 ms, TaskManager took 16 ms 
2019-05-09 09:24:29,465 [ 693381]   INFO - stubs.SerializationManagerImpl - START StubSerializationManager SHUTDOWN 
2019-05-09 09:24:29,537 [ 693453]   INFO - stubs.SerializationManagerImpl - END StubSerializationManager SHUTDOWN 
2019-05-09 09:24:29,537 [ 693453]   INFO - stubs.SerializationManagerImpl - START StubSerializationManager SHUTDOWN 
2019-05-09 09:24:29,615 [ 693531]   INFO - stubs.SerializationManagerImpl - END StubSerializationManager SHUTDOWN 
2019-05-09 09:24:29,615 [ 693531]   INFO - il.indexing.FileBasedIndexImpl - START INDEX SHUTDOWN 
2019-05-09 09:24:30,982 [ 694898]   INFO - il.indexing.FileBasedIndexImpl - END INDEX SHUTDOWN 
2019-05-09 09:24:30,998 [ 694914]   INFO - org.jetbrains.io.BuiltInServer - web server stopped 
2019-05-09 09:24:31,069 [ 694985]   INFO - Types.impl.FileTypeManagerImpl - FileTypeManager: 695 auto-detected files
Elapsed time on auto-detect: 25142 ms 
2019-05-09 09:24:31,069 [ 694985]   INFO - pl.local.NativeFileWatcherImpl - Watcher terminated with exit code 0 
2019-05-09 09:24:31,069 [ 694985]   INFO - newvfs.persistent.PersistentFS - VFS dispose started 
2019-05-09 09:24:31,137 [ 695053]   INFO - newvfs.persistent.PersistentFS - VFS dispose completed 
2019-05-09 09:24:31,137 [ 695053]   INFO -        #com.intellij.idea.Main - ------------------------------------------------------ IDE SHUTDOWN ------------------------------------------------------ 
2019-05-09 09:24:31,137 [ 695053]   INFO - org.jetbrains.io.BuiltInServer - web server stopped 
